2025-11-19 04:24:21 [scrapy.middleware] INFO: Enabled downloader middlewares:
['scrapy.downloadermiddlewares.offsite.OffsiteMiddleware',
 'scrapy.downloadermiddlewares.httpauth.HttpAuthMiddleware',
 'scrapy.downloadermiddlewares.downloadtimeout.DownloadTimeoutMiddleware',
 'scrapy.downloadermiddlewares.defaultheaders.DefaultHeadersMiddleware',
 'NodeScrapy.middlewares.RandomUserAgentMiddleware',
 'scrapy.downloadermiddlewares.useragent.UserAgentMiddleware',
 'scrapy.downloadermiddlewares.retry.RetryMiddleware',
 'scrapy.downloadermiddlewares.redirect.MetaRefreshMiddleware',
 'scrapy.downloadermiddlewares.httpcompression.HttpCompressionMiddleware',
 'scrapy.downloadermiddlewares.redirect.RedirectMiddleware',
 'scrapy.downloadermiddlewares.cookies.CookiesMiddleware',
 'scrapy.downloadermiddlewares.httpproxy.HttpProxyMiddleware',
 'scrapy.downloadermiddlewares.stats.DownloaderStats']
2025-11-19 04:24:21 [scrapy.middleware] INFO: Enabled spider middlewares:
['scrapy.spidermiddlewares.start.StartSpiderMiddleware',
 'scrapy.spidermiddlewares.httperror.HttpErrorMiddleware',
 'scrapy.spidermiddlewares.referer.RefererMiddleware',
 'scrapy.spidermiddlewares.urllength.UrlLengthMiddleware',
 'scrapy.spidermiddlewares.depth.DepthMiddleware']
2025-11-19 04:24:21 [scrapy.middleware] INFO: Enabled item pipelines:
['NodeScrapy.pipelines.Pipeline']
2025-11-19 04:24:21 [scrapy.core.engine] INFO: Spider opened
2025-11-19 04:24:21 [py.warnings] WARNING: /opt/hostedtoolcache/Python/3.12.12/x64/lib/python3.12/site-packages/scrapy/core/spidermw.py:433: ScrapyDeprecationWarning: NodeScrapy.spiders.SimpleSpider.SimpleSpider defines the deprecated start_requests() method. start_requests() has been deprecated in favor of a new method, start(), to support asynchronous code execution. start_requests() will stop being called in a future version of Scrapy. If you use Scrapy 2.13 or higher only, replace start_requests() with start(); note that start() is a coroutine (async def). If you need to maintain compatibility with lower Scrapy versions, when overriding start_requests() in a spider class, override start() as well; you can use super() to reuse the inherited start() implementation without copy-pasting. See the release notes of Scrapy 2.13 for details: https://docs.scrapy.org/en/2.13/news.html
  warn(

2025-11-19 04:24:21 [scrapy.extensions.logstats] INFO: Crawled 0 pages (at 0 pages/min), scraped 0 items (at 0 items/min)
2025-11-19 04:24:21 [scrapy.extensions.telnet] INFO: Telnet console listening on 127.0.0.1:6023
2025-11-19 04:24:21 [simple] INFO: clashmeta start
2025-11-19 04:24:21 [simple] INFO: ndnode start
2025-11-19 04:24:21 [simple] INFO: nodev2ray start
2025-11-19 04:24:21 [simple] INFO: nodefree start
2025-11-19 04:24:21 [simple] INFO: v2rayshare start
2025-11-19 04:24:21 [simple] INFO: wenode start
2025-11-19 04:24:21 [simple] INFO: wenode found https://oneclash.cc/a/2335.html on 2025-11-19
2025-11-19 04:24:21 [simple] INFO: wenode found https://oneclash.cc/a/2336.html on 2025-11-18
2025-11-19 04:24:21 [simple] INFO: wenode found https://oneclash.cc/a/2337.html on 2025-11-17
2025-11-19 04:24:21 [simple] INFO: wenode found https://oneclash.cc/a/2338.html on 2025-11-16
2025-11-19 04:24:21 [simple] INFO: wenode found https://oneclash.cc/a/2339.html on 2025-11-15
2025-11-19 04:24:21 [simple] INFO: wenode found https://oneclash.cc/a/2340.html on 2025-11-14
2025-11-19 04:24:21 [simple] INFO: wenode found https://oneclash.cc/a/2341.html on 2025-11-13
2025-11-19 04:24:21 [simple] INFO: wenode found https://oneclash.cc/a/2342.html on 2025-11-12
2025-11-19 04:24:21 [simple] INFO: wenode found https://oneclash.cc/a/2343.html on 2025-11-11
2025-11-19 04:24:21 [simple] INFO: wenode found https://oneclash.cc/a/2344.html on 2025-11-10
2025-11-19 04:24:21 [simple] INFO: wenode needs update, accessing https://oneclash.cc/a/2335.html
2025-11-19 04:24:21 [simple] INFO: wenode needs update, accessing https://oneclash.cc/a/2336.html
2025-11-19 04:24:21 [simple] INFO: wenode is up to date, exiting
2025-11-19 04:24:21 [simple] INFO: clashmeta found /free-nodes/2025-11-17-free-subscribe-node.htm on 2025-11-17
2025-11-19 04:24:21 [simple] INFO: clashmeta found /free-nodes/2025-11-17-free-subscribe-node.htm on 2025-11-17
2025-11-19 04:24:21 [simple] INFO: clashmeta found /free-nodes/2025-11-15-free-high-speed-nodes.htm on 2025-11-15
2025-11-19 04:24:21 [simple] INFO: clashmeta found /free-nodes/2025-11-15-free-high-speed-nodes.htm on 2025-11-15
2025-11-19 04:24:21 [simple] INFO: clashmeta found /free-nodes/2025-11-14-free-node-subscribe.htm on 2025-11-14
2025-11-19 04:24:21 [simple] INFO: clashmeta found /free-nodes/2025-11-14-free-node-subscribe.htm on 2025-11-14
2025-11-19 04:24:21 [simple] INFO: clashmeta found /free-nodes/2025-11-13-node-share-links.htm on 2025-11-13
2025-11-19 04:24:21 [simple] INFO: clashmeta found /free-nodes/2025-11-13-node-share-links.htm on 2025-11-13
2025-11-19 04:24:21 [simple] INFO: clashmeta found /free-nodes/2025-11-12-clash-meta-node-share.htm on 2025-11-12
2025-11-19 04:24:21 [simple] INFO: clashmeta found /free-nodes/2025-11-12-clash-meta-node-share.htm on 2025-11-12
2025-11-19 04:24:21 [simple] INFO: clashmeta found /free-nodes/2025-11-11-clash-meta-windows.htm on 2025-11-11
2025-11-19 04:24:21 [simple] INFO: clashmeta found /free-nodes/2025-11-11-clash-meta-windows.htm on 2025-11-11
2025-11-19 04:24:21 [simple] INFO: clashmeta found /free-nodes/2025-11-10-node-share-links.htm on 2025-11-10
2025-11-19 04:24:21 [simple] INFO: clashmeta found /free-nodes/2025-11-10-node-share-links.htm on 2025-11-10
2025-11-19 04:24:21 [simple] INFO: clashmeta found /free-nodes/2025-11-9-node-share-links.htm on 2025-11-09
2025-11-19 04:24:21 [simple] INFO: clashmeta found /free-nodes/2025-11-9-node-share-links.htm on 2025-11-09
2025-11-19 04:24:21 [simple] INFO: clashmeta found /free-nodes/2025-11-8-free-subscribe-node.htm on 2025-11-08
2025-11-19 04:24:21 [simple] INFO: clashmeta found /free-nodes/2025-11-8-free-subscribe-node.htm on 2025-11-08
2025-11-19 04:24:21 [simple] INFO: clashmeta found /free-nodes/2025-11-7-free-node-subscribe.htm on 2025-11-07
2025-11-19 04:24:21 [simple] INFO: clashmeta found /free-nodes/2025-11-7-free-node-subscribe.htm on 2025-11-07
2025-11-19 04:24:21 [simple] INFO: clashmeta needs update, accessing https://clash-meta.github.io/free-nodes/2025-11-17-free-subscribe-node.htm
2025-11-19 04:24:21 [simple] INFO: clashmeta needs update, accessing https://clash-meta.github.io/free-nodes/2025-11-17-free-subscribe-node.htm
2025-11-19 04:24:21 [simple] INFO: clashmeta needs update, accessing https://clash-meta.github.io/free-nodes/2025-11-15-free-high-speed-nodes.htm
2025-11-19 04:24:21 [simple] INFO: v2rayshare found https://v2rayshare.net/p/4139.html on 2025-11-19
2025-11-19 04:24:21 [simple] INFO: v2rayshare found https://v2rayshare.net/p/4140.html on 2025-11-18
2025-11-19 04:24:21 [simple] INFO: v2rayshare found https://v2rayshare.net/p/4141.html on 2025-11-17
2025-11-19 04:24:21 [simple] INFO: v2rayshare found https://v2rayshare.net/p/4142.html on 2025-11-16
2025-11-19 04:24:21 [simple] INFO: v2rayshare found https://v2rayshare.net/p/4143.html on 2025-11-15
2025-11-19 04:24:21 [simple] INFO: v2rayshare found https://v2rayshare.net/p/4144.html on 2025-11-14
2025-11-19 04:24:21 [simple] INFO: v2rayshare found https://v2rayshare.net/p/4145.html on 2025-11-13
2025-11-19 04:24:21 [simple] INFO: v2rayshare found https://v2rayshare.net/p/4146.html on 2025-11-12
2025-11-19 04:24:21 [simple] INFO: v2rayshare found https://v2rayshare.net/p/4147.html on 2025-11-11
2025-11-19 04:24:21 [simple] INFO: v2rayshare found https://v2rayshare.net/p/4148.html on 2025-11-10
2025-11-19 04:24:21 [simple] INFO: v2rayshare needs update, accessing https://v2rayshare.net/p/4139.html
2025-11-19 04:24:21 [simple] INFO: v2rayshare needs update, accessing https://v2rayshare.net/p/4140.html
2025-11-19 04:24:21 [simple] INFO: v2rayshare needs update, accessing https://v2rayshare.net/p/4141.html
2025-11-19 04:24:21 [simple] WARNING: wenode could not parse https://oneclash.githubrowcontent.com/2025/..."/, skipping
2025-11-19 04:24:21 [simple] INFO: wenode found https://oneclash.githubrowcontent.com/2025/11/20251119.txt
2025-11-19 04:24:21 [simple] INFO: wenode found https://oneclash.githubrowcontent.com/2025/11/20251119.yaml
2025-11-19 04:24:21 [simple] INFO: wenode found https://oneclash.githubrowcontent.com/2025/11/m20251119.yaml
2025-11-19 04:24:21 [simple] INFO: nodev2ray found /free-node/2025-11-19-v2ray-windows.htm on 2025-11-19
2025-11-19 04:24:21 [simple] INFO: nodev2ray found /free-node/2025-11-18-free-ssr-subscribe.htm on 2025-11-18
2025-11-19 04:24:21 [simple] INFO: nodev2ray found /free-node/2025-11-17-node-share.htm on 2025-11-17
2025-11-19 04:24:21 [simple] INFO: nodev2ray found /free-node/2025-11-16-free-ssr-subscribe.htm on 2025-11-16
2025-11-19 04:24:21 [simple] INFO: nodev2ray found /free-node/2025-11-15-free-v2ray.htm on 2025-11-15
2025-11-19 04:24:21 [simple] INFO: nodev2ray found /free-node/2025-11-14-node-share-links.htm on 2025-11-14
2025-11-19 04:24:21 [simple] INFO: nodev2ray found /free-node/2025-11-13-free-node-subscribe-links.htm on 2025-11-13
2025-11-19 04:24:21 [simple] INFO: nodev2ray found /free-node/2025-11-12-node-share.htm on 2025-11-12
2025-11-19 04:24:21 [simple] INFO: nodev2ray found /free-node/2025-11-11-free-clash.htm on 2025-11-11
2025-11-19 04:24:21 [simple] INFO: nodev2ray found /free-node/2025-11-10-node-share-links.htm on 2025-11-10
2025-11-19 04:24:21 [simple] INFO: nodev2ray needs update, accessing https://nodev2ray.com/free-node/2025-11-19-v2ray-windows.htm
2025-11-19 04:24:21 [simple] INFO: nodev2ray is up to date, exiting
2025-11-19 04:24:21 [simple] INFO: nodev2ray is up to date, exiting
2025-11-19 04:24:22 [simple] INFO: nodefree found https://nodefree.me/p/2726.html on 2025-11-18
2025-11-19 04:24:22 [simple] INFO: nodefree found https://nodefree.me/p/2727.html on 2025-11-17
2025-11-19 04:24:22 [simple] INFO: nodefree found https://nodefree.me/p/2728.html on 2025-11-16
2025-11-19 04:24:22 [simple] INFO: nodefree found https://nodefree.me/p/2729.html on 2025-11-15
2025-11-19 04:24:22 [simple] INFO: nodefree found https://nodefree.me/p/2730.html on 2025-11-14
2025-11-19 04:24:22 [simple] INFO: nodefree found https://nodefree.me/p/2731.html on 2025-11-13
2025-11-19 04:24:22 [simple] INFO: nodefree found https://nodefree.me/p/2732.html on 2025-11-12
2025-11-19 04:24:22 [simple] INFO: nodefree found https://nodefree.me/p/2733.html on 2025-11-11
2025-11-19 04:24:22 [simple] INFO: nodefree found https://nodefree.me/p/2734.html on 2025-11-10
2025-11-19 04:24:22 [simple] INFO: nodefree found https://nodefree.me/p/2735.html on 2025-11-09
2025-11-19 04:24:22 [simple] INFO: nodefree needs update, accessing https://nodefree.me/p/2726.html
2025-11-19 04:24:22 [simple] INFO: nodefree is up to date, exiting
2025-11-19 04:24:22 [simple] INFO: nodefree is up to date, exiting
2025-11-19 04:24:22 [simple] WARNING: wenode could not parse https://oneclash.githubrowcontent.com/2025/..."/, skipping
2025-11-19 04:24:22 [simple] INFO: wenode found https://oneclash.githubrowcontent.com/2025/11/20251118.txt
2025-11-19 04:24:22 [simple] INFO: wenode found https://oneclash.githubrowcontent.com/2025/11/20251118.yaml
2025-11-19 04:24:22 [simple] INFO: wenode found https://oneclash.githubrowcontent.com/2025/11/m20251118.yaml
2025-11-19 04:24:22 [simple] INFO: v2rayshare found https://v2rayshare.githubrowcontent.com/2025/11/20251119.txt
2025-11-19 04:24:22 [simple] INFO: v2rayshare found https://v2rayshare.githubrowcontent.com/2025/11/20251119.yaml
2025-11-19 04:24:22 [simple] INFO: v2rayshare found https://v2rayshare.githubrowcontent.com/2025/11/m20251119.yaml
2025-11-19 04:24:22 [simple] INFO: ndnode found https://www.naidounode.com/n/3389.html on 2025-11-19
2025-11-19 04:24:22 [simple] INFO: ndnode found https://www.naidounode.com/n/3387.html on 2025-11-18
2025-11-19 04:24:22 [simple] INFO: ndnode found https://www.naidounode.com/n/3385.html on 2025-11-17
2025-11-19 04:24:22 [simple] INFO: ndnode found https://www.naidounode.com/n/3383.html on 2025-11-16
2025-11-19 04:24:22 [simple] INFO: ndnode found https://www.naidounode.com/n/3381.html on 2025-11-15
2025-11-19 04:24:22 [simple] INFO: ndnode found https://www.naidounode.com/n/3379.html on 2025-11-14
2025-11-19 04:24:22 [simple] INFO: ndnode found https://www.naidounode.com/n/3377.html on 2025-11-13
2025-11-19 04:24:22 [simple] INFO: ndnode found https://www.naidounode.com/n/3375.html on 2025-11-12
2025-11-19 04:24:22 [simple] INFO: ndnode found https://www.naidounode.com/n/3373.html on 2025-11-11
2025-11-19 04:24:22 [simple] INFO: ndnode found https://www.naidounode.com/n/3372.html on 2025-11-10
2025-11-19 04:24:22 [simple] INFO: ndnode needs update, accessing https://www.naidounode.com/n/3389.html
2025-11-19 04:24:22 [simple] INFO: ndnode is up to date, exiting
2025-11-19 04:24:22 [simple] INFO: ndnode is up to date, exiting
2025-11-19 04:24:22 [simple] INFO: v2rayshare found https://v2rayshare.githubrowcontent.com/2025/11/20251118.txt
2025-11-19 04:24:22 [simple] INFO: v2rayshare found https://v2rayshare.githubrowcontent.com/2025/11/20251118.yaml
2025-11-19 04:24:22 [simple] INFO: v2rayshare found https://v2rayshare.githubrowcontent.com/2025/11/m20251118.yaml
2025-11-19 04:24:22 [simple] INFO: v2rayshare found https://v2rayshare.githubrowcontent.com/2025/11/20251117.txt
2025-11-19 04:24:22 [simple] INFO: v2rayshare found https://v2rayshare.githubrowcontent.com/2025/11/20251117.yaml
2025-11-19 04:24:22 [simple] INFO: v2rayshare found https://v2rayshare.githubrowcontent.com/2025/11/m20251117.yaml
2025-11-19 04:24:22 [simple] INFO: ndnode found http://naidounode.cczzuu.top/node/20251119-v2ray.txt
2025-11-19 04:24:22 [simple] INFO: ndnode found http://naidounode.cczzuu.top/node/20251119-clash.yaml
2025-11-19 04:24:22 [simple] INFO: Pipeline got item wenode.yaml
2025-11-19 04:24:22 [simple] INFO: Pipeline processed wenode.yaml
2025-11-19 04:24:22 [simple] INFO: Pipeline got item wenode.txt
2025-11-19 04:24:22 [simple] INFO: Pipeline processed wenode.txt
2025-11-19 04:24:22 [simple] INFO: Pipeline got item wenode.yaml
2025-11-19 04:24:22 [simple] INFO: Pipeline processed wenode.yaml
2025-11-19 04:24:22 [simple] INFO: nodev2ray found https://node.nodev2ray.com/uploads/2025/11/1-20251119.txt
2025-11-19 04:24:22 [simple] INFO: nodev2ray found https://node.nodev2ray.com/uploads/2025/11/2-20251119.txt
2025-11-19 04:24:22 [simple] INFO: nodev2ray found https://node.nodev2ray.com/uploads/2025/11/0-20251119.yaml
2025-11-19 04:24:22 [simple] INFO: nodev2ray found https://node.nodev2ray.com/uploads/2025/11/1-20251119.yaml
2025-11-19 04:24:22 [simple] INFO: nodev2ray found https://node.nodev2ray.com/uploads/2025/11/2-20251119.yaml
2025-11-19 04:24:22 [simple] INFO: nodev2ray found https://node.nodev2ray.com/uploads/2025/11/3-20251119.yaml
2025-11-19 04:24:22 [simple] INFO: nodev2ray found https://node.nodev2ray.com/uploads/2025/11/4-20251119.yaml
2025-11-19 04:24:22 [simple] WARNING: nodev2ray could not parse https://node.nodev2ray.com/uploads/2025/11/20251119.json, skipping
2025-11-19 04:24:22 [simple] INFO: nodefree found https://nodefree.githubrowcontent.com/2025/11/20251118.txt
2025-11-19 04:24:22 [simple] INFO: nodefree found https://nodefree.githubrowcontent.com/2025/11/20251118.yaml
2025-11-19 04:24:22 [simple] INFO: nodefree found https://nodefree.githubrowcontent.com/2025/11/m20251118.yaml
2025-11-19 04:24:22 [simple] INFO: Pipeline got item wenode.yaml
2025-11-19 04:24:22 [simple] INFO: Pipeline processed wenode.yaml
2025-11-19 04:24:22 [simple] INFO: Pipeline got item wenode.yaml
2025-11-19 04:24:22 [simple] INFO: Pipeline processed wenode.yaml
2025-11-19 04:24:22 [simple] INFO: Pipeline got item wenode.txt
2025-11-19 04:24:22 [simple] INFO: Pipeline processed wenode.txt
2025-11-19 04:24:22 [simple] INFO: Pipeline got item v2rayshare.txt
2025-11-19 04:24:22 [simple] INFO: Pipeline processed v2rayshare.txt
2025-11-19 04:24:22 [simple] INFO: Pipeline got item v2rayshare.txt
2025-11-19 04:24:22 [simple] INFO: Pipeline processed v2rayshare.txt
2025-11-19 04:24:22 [simple] INFO: Pipeline got item v2rayshare.yaml
2025-11-19 04:24:22 [simple] INFO: Pipeline processed v2rayshare.yaml
2025-11-19 04:24:22 [simple] INFO: Pipeline got item v2rayshare.yaml
2025-11-19 04:24:22 [simple] INFO: Pipeline processed v2rayshare.yaml
2025-11-19 04:24:22 [simple] INFO: Pipeline got item v2rayshare.txt
2025-11-19 04:24:22 [simple] INFO: Pipeline processed v2rayshare.txt
2025-11-19 04:24:22 [simple] INFO: Pipeline got item v2rayshare.yaml
2025-11-19 04:24:22 [simple] INFO: Pipeline processed v2rayshare.yaml
2025-11-19 04:24:22 [simple] INFO: Pipeline got item v2rayshare.yaml
2025-11-19 04:24:22 [simple] INFO: Pipeline processed v2rayshare.yaml
2025-11-19 04:24:22 [simple] INFO: Pipeline got item v2rayshare.yaml
2025-11-19 04:24:22 [simple] INFO: Pipeline processed v2rayshare.yaml
2025-11-19 04:24:22 [simple] INFO: Pipeline got item ndnode.txt
2025-11-19 04:24:22 [simple] INFO: Pipeline processed ndnode.txt
2025-11-19 04:24:22 [simple] INFO: Pipeline got item v2rayshare.yaml
2025-11-19 04:24:23 [simple] INFO: Pipeline processed v2rayshare.yaml
2025-11-19 04:24:23 [simple] INFO: Pipeline got item nodefree.txt
2025-11-19 04:24:23 [simple] INFO: Pipeline processed nodefree.txt
2025-11-19 04:24:23 [simple] INFO: Pipeline got item nodefree.yaml
2025-11-19 04:24:23 [simple] INFO: Pipeline processed nodefree.yaml
2025-11-19 04:24:23 [simple] INFO: Pipeline got item nodefree.yaml
2025-11-19 04:24:23 [simple] INFO: Pipeline processed nodefree.yaml
2025-11-19 04:24:23 [simple] INFO: Pipeline got item nodev2ray.yaml
2025-11-19 04:24:23 [simple] INFO: Pipeline processed nodev2ray.yaml
2025-11-19 04:24:23 [simple] INFO: Pipeline got item ndnode.yaml
2025-11-19 04:24:23 [simple] INFO: Pipeline processed ndnode.yaml
2025-11-19 04:24:23 [simple] INFO: Pipeline got item nodev2ray.txt
2025-11-19 04:24:23 [simple] INFO: Pipeline processed nodev2ray.txt
2025-11-19 04:24:23 [simple] INFO: Pipeline got item nodev2ray.txt
2025-11-19 04:24:23 [simple] INFO: Pipeline processed nodev2ray.txt
2025-11-19 04:24:23 [simple] INFO: Pipeline got item nodev2ray.yaml
2025-11-19 04:24:23 [simple] INFO: Pipeline processed nodev2ray.yaml
2025-11-19 04:24:23 [simple] INFO: Pipeline got item nodev2ray.yaml
2025-11-19 04:24:23 [simple] INFO: Pipeline processed nodev2ray.yaml
2025-11-19 04:24:23 [simple] INFO: Pipeline got item nodev2ray.yaml
2025-11-19 04:24:24 [simple] INFO: Pipeline processed nodev2ray.yaml
2025-11-19 04:24:24 [simple] INFO: Pipeline got item nodev2ray.yaml
2025-11-19 04:24:25 [simple] INFO: Pipeline processed nodev2ray.yaml
2025-11-19 04:24:25 [scrapy.core.engine] INFO: Closing spider (finished)
2025-11-19 04:24:25 [scrapy.statscollectors] INFO: Dumping Scrapy stats:
{'downloader/request_bytes': 17498,
 'downloader/request_count': 46,
 'downloader/request_method_count/GET': 46,
 'downloader/response_bytes': 1858317,
 'downloader/response_count': 46,
 'downloader/response_status_count/200': 43,
 'downloader/response_status_count/301': 3,
 'dupefilter/filtered': 1,
 'elapsed_time_seconds': 4.157002,
 'finish_reason': 'finished',
 'finish_time': datetime.datetime(2025, 11, 19, 4, 24, 25, 491442, tzinfo=datetime.timezone.utc),
 'httpcompression/response_bytes': 740213,
 'httpcompression/response_count': 25,
 'item_scraped_count': 27,
 'items_per_minute': 405.0,
 'log_count/INFO': 185,
 'log_count/WARNING': 5,
 'memusage/max': 181682176,
 'memusage/startup': 181682176,
 'request_depth_max': 2,
 'response_received_count': 43,
 'responses_per_minute': 645.0,
 'scheduler/dequeued': 46,
 'scheduler/dequeued/memory': 46,
 'scheduler/enqueued': 46,
 'scheduler/enqueued/memory': 46,
 'start_time': datetime.datetime(2025, 11, 19, 4, 24, 21, 334440, tzinfo=datetime.timezone.utc)}
2025-11-19 04:24:25 [scrapy.core.engine] INFO: Spider closed (finished)
2025-11-19 04:24:34 [scrapy.addons] INFO: Enabled addons:
[]
2025-11-19 04:24:34 [py.warnings] WARNING: /opt/hostedtoolcache/Python/3.12.12/x64/lib/python3.12/site-packages/scrapy/utils/request.py:120: ScrapyDeprecationWarning: 'REQUEST_FINGERPRINTER_IMPLEMENTATION' is a deprecated setting.
It will be removed in a future version of Scrapy.
  return cls(crawler)

2025-11-19 04:24:34 [scrapy.extensions.telnet] INFO: Telnet Password: da4a719ab9e3a29c
2025-11-19 04:24:34 [scrapy.middleware] INFO: Enabled extensions:
['scrapy.extensions.corestats.CoreStats',
 'scrapy.extensions.telnet.TelnetConsole',
 'scrapy.extensions.memusage.MemoryUsage',
 'scrapy.extensions.logstats.LogStats']
2025-11-19 04:24:34 [scrapy.crawler] INFO: Overridden settings:
{'BOT_NAME': 'NodeScrapy',
 'FEED_EXPORT_ENCODING': 'utf-8',
 'LOG_FILE': 'scrapy.log',
 'LOG_LEVEL': 'INFO',
 'NEWSPIDER_MODULE': 'NodeScrapy.spiders',
 'REQUEST_FINGERPRINTER_IMPLEMENTATION': '2.7',
 'SPIDER_MODULES': ['NodeScrapy.spiders']}
2025-11-19 04:24:34 [scrapy.middleware] INFO: Enabled downloader middlewares:
['scrapy.downloadermiddlewares.offsite.OffsiteMiddleware',
 'scrapy.downloadermiddlewares.httpauth.HttpAuthMiddleware',
 'scrapy.downloadermiddlewares.downloadtimeout.DownloadTimeoutMiddleware',
 'scrapy.downloadermiddlewares.defaultheaders.DefaultHeadersMiddleware',
 'NodeScrapy.middlewares.RandomUserAgentMiddleware',
 'scrapy.downloadermiddlewares.useragent.UserAgentMiddleware',
 'scrapy.downloadermiddlewares.retry.RetryMiddleware',
 'scrapy.downloadermiddlewares.redirect.MetaRefreshMiddleware',
 'scrapy.downloadermiddlewares.httpcompression.HttpCompressionMiddleware',
 'scrapy.downloadermiddlewares.redirect.RedirectMiddleware',
 'scrapy.downloadermiddlewares.cookies.CookiesMiddleware',
 'scrapy.downloadermiddlewares.httpproxy.HttpProxyMiddleware',
 'scrapy.downloadermiddlewares.stats.DownloaderStats']
2025-11-19 04:24:34 [scrapy.middleware] INFO: Enabled spider middlewares:
['scrapy.spidermiddlewares.start.StartSpiderMiddleware',
 'scrapy.spidermiddlewares.httperror.HttpErrorMiddleware',
 'scrapy.spidermiddlewares.referer.RefererMiddleware',
 'scrapy.spidermiddlewares.urllength.UrlLengthMiddleware',
 'scrapy.spidermiddlewares.depth.DepthMiddleware']
2025-11-19 04:24:34 [scrapy.middleware] INFO: Enabled item pipelines:
['NodeScrapy.pipelines.Pipeline']
2025-11-19 04:24:34 [scrapy.core.engine] INFO: Spider opened
2025-11-19 04:24:34 [py.warnings] WARNING: /opt/hostedtoolcache/Python/3.12.12/x64/lib/python3.12/site-packages/scrapy/core/spidermw.py:433: ScrapyDeprecationWarning: NodeScrapy.spiders.SimpleSpider.SimpleSpider (inherited by NodeScrapy.spiders.DecryptSpider.DecryptSpider) defines the deprecated start_requests() method. start_requests() has been deprecated in favor of a new method, start(), to support asynchronous code execution. start_requests() will stop being called in a future version of Scrapy. If you use Scrapy 2.13 or higher only, replace start_requests() with start(); note that start() is a coroutine (async def). If you need to maintain compatibility with lower Scrapy versions, when overriding start_requests() in a spider class, override start() as well; you can use super() to reuse the inherited start() implementation without copy-pasting. See the release notes of Scrapy 2.13 for details: https://docs.scrapy.org/en/2.13/news.html
  warn(

2025-11-19 04:24:34 [scrapy.extensions.logstats] INFO: Crawled 0 pages (at 0 pages/min), scraped 0 items (at 0 items/min)
2025-11-19 04:24:34 [scrapy.extensions.telnet] INFO: Telnet console listening on 127.0.0.1:6023
2025-11-19 04:24:34 [decrypt] INFO: yudou66 start
2025-11-19 04:24:34 [decrypt] INFO: blues start
2025-11-19 04:24:34 [decrypt] INFO: blues found https://blues2022.blogspot.com/2025/11/20251144kchatgpt4k8kclashv2ray.html on 2025-11-18
2025-11-19 04:24:34 [decrypt] INFO: blues found https://blues2022.blogspot.com/2025/11/202511174kchatgpt4k8kclashv2ray.html on 2025-11-17
2025-11-19 04:24:34 [decrypt] INFO: blues found https://blues2022.blogspot.com/2025/11/202511164kchatgpt4k8kclashv2ray.html on 2025-11-16
2025-11-19 04:24:34 [decrypt] INFO: blues found https://blues2022.blogspot.com/2025/11/202511154kchatgpt4k8kclashv2ray.html on 2025-11-15
2025-11-19 04:24:34 [decrypt] INFO: blues found https://blues2022.blogspot.com/2025/11/202511144kchatgpt4k8kclashv2ray.html on 2025-11-14
2025-11-19 04:24:34 [decrypt] INFO: blues found https://blues2022.blogspot.com/2025/10/httpsdengta.html on 2025-11-13
2025-11-19 04:24:34 [decrypt] INFO: blues found https://blues2022.blogspot.com/2025/11/202511124kchatgpt4k8kclashv2ray.html on 2025-11-12
2025-11-19 04:24:34 [decrypt] INFO: blues found https://blues2022.blogspot.com/2025/11/20251134kchatgpt4k8kclashv2ray.html on 2025-11-03
2025-11-19 04:24:34 [decrypt] INFO: blues found https://blues2022.blogspot.com/2025/11/20251124kchatgpt4k8kclashv2ray.html on 2025-11-02
2025-11-19 04:24:34 [decrypt] INFO: blues found https://blues2022.blogspot.com/2025/10/20251114kchatgpt4k8kclashv2ray.html on 2025-11-01
2025-11-19 04:24:34 [decrypt] INFO: blues needs update, accessing https://blues2022.blogspot.com/2025/11/20251144kchatgpt4k8kclashv2ray.html
2025-11-19 04:24:34 [decrypt] INFO: blues is up to date, exiting
2025-11-19 04:24:34 [decrypt] INFO: blues is up to date, exiting
2025-11-19 04:24:35 [decrypt] INFO: yudou66 found http://www.yudou6677.top/2025/11/20251119771080p4kv2rayclashsing.html on 2025-11-19
2025-11-19 04:24:35 [decrypt] INFO: yudou66 found http://www.yudou6677.top/2025/11/202511181451080p4kv2rayclashsing.html on 2025-11-18
2025-11-19 04:24:35 [decrypt] INFO: yudou66 found http://www.yudou6677.top/2025/11/20251117801080p4kv2rayclashsing.html on 2025-11-17
2025-11-19 04:24:35 [decrypt] INFO: yudou66 found http://www.yudou6677.top/2025/11/202511161141080p4kv2rayclashsing.html on 2025-11-16
2025-11-19 04:24:35 [decrypt] INFO: yudou66 found http://www.yudou6677.top/2025/11/20251115711080p4kv2rayclashsing.html on 2025-11-15
2025-11-19 04:24:35 [decrypt] INFO: yudou66 found http://www.yudou6677.top/2025/11/20251114791080p4kv2rayclashsing.html on 2025-11-14
2025-11-19 04:24:35 [decrypt] INFO: yudou66 found http://www.yudou6677.top/2025/11/20251113631080p4kv2rayclashsing.html on 2025-11-13
2025-11-19 04:24:35 [decrypt] INFO: yudou66 found http://www.yudou6677.top/2025/11/20251112891080p4kv2rayclashsing.html on 2025-11-12
2025-11-19 04:24:35 [decrypt] INFO: yudou66 found http://www.yudou6677.top/2025/11/20251111571080p4kv2rayclashsing.html on 2025-11-11
2025-11-19 04:24:35 [decrypt] INFO: yudou66 found http://www.yudou6677.top/2025/11/20251110721080p4kv2rayclashsing.html on 2025-11-10
2025-11-19 04:24:35 [decrypt] INFO: yudou66 needs update, accessing http://www.yudou6677.top/2025/11/20251119771080p4kv2rayclashsing.html
2025-11-19 04:24:35 [decrypt] INFO: yudou66 needs update, accessing http://www.yudou6677.top/2025/11/202511181451080p4kv2rayclashsing.html
2025-11-19 04:24:35 [decrypt] INFO: yudou66 needs update, accessing http://www.yudou6677.top/2025/11/20251117801080p4kv2rayclashsing.html
2025-11-19 04:24:38 [decrypt] WARNING: blues 7700 got 密碼錯誤
2025-11-19 04:24:39 [decrypt] WARNING: blues 0000 got 密碼錯誤
2025-11-19 04:24:40 [decrypt] WARNING: blues 0011 got 密碼錯誤
2025-11-19 04:24:41 [decrypt] WARNING: blues 0022 got 密碼錯誤
2025-11-19 04:24:42 [decrypt] WARNING: blues 0033 got 密碼錯誤
2025-11-19 04:24:43 [decrypt] WARNING: blues 0044 got 密碼錯誤
2025-11-19 04:24:44 [decrypt] WARNING: blues 0055 got 密碼錯誤
2025-11-19 04:24:45 [decrypt] WARNING: blues 0066 got 密碼錯誤
2025-11-19 04:24:46 [decrypt] WARNING: blues 0077 got 密碼錯誤
2025-11-19 04:24:47 [decrypt] WARNING: blues 0088 got 密碼錯誤
2025-11-19 04:24:48 [decrypt] WARNING: blues 0099 got 密碼錯誤
2025-11-19 04:24:49 [decrypt] WARNING: blues 1100 got 密碼錯誤
2025-11-19 04:24:51 [decrypt] WARNING: blues 1111 got 密碼錯誤
2025-11-19 04:24:52 [decrypt] WARNING: blues 1122 got 密碼錯誤
2025-11-19 04:24:53 [decrypt] WARNING: blues 1133 got 密碼錯誤
2025-11-19 04:24:54 [decrypt] WARNING: blues 1144 got 密碼錯誤
2025-11-19 04:24:55 [decrypt] WARNING: blues 1155 got 密碼錯誤
2025-11-19 04:24:58 [decrypt] INFO: blues found https://ylks.tt2000.sbs/2025/d7/b18/c.yaml
2025-11-19 04:24:58 [decrypt] INFO: blues found https://ylks.tt2000.sbs/2025/d7/b18/v.txt
2025-11-19 04:24:58 [decrypt] INFO: blues saved new password 1166
2025-11-19 04:24:59 [decrypt] WARNING: yudou66 1122 got 密碼錯誤
2025-11-19 04:24:59 [decrypt] WARNING: yudou66 0000 got 密碼錯誤
2025-11-19 04:25:00 [decrypt] WARNING: yudou66 0011 got 密碼錯誤
2025-11-19 04:25:00 [decrypt] WARNING: yudou66 0022 got 密碼錯誤
2025-11-19 04:25:00 [decrypt] WARNING: yudou66 0033 got 密碼錯誤
2025-11-19 04:25:01 [decrypt] WARNING: yudou66 0044 got 密碼錯誤
2025-11-19 04:25:01 [decrypt] WARNING: yudou66 0055 got 密碼錯誤
2025-11-19 04:27:01 [scrapy.core.scraper] ERROR: Spider error processing <GET http://www.yudou6677.top/2025/11/20251119771080p4kv2rayclashsing.html> (referer: None)
Traceback (most recent call last):
  File "/opt/hostedtoolcache/Python/3.12.12/x64/lib/python3.12/site-packages/urllib3/connectionpool.py", line 534, in _make_request
    response = conn.getresponse()
               ^^^^^^^^^^^^^^^^^^
  File "/opt/hostedtoolcache/Python/3.12.12/x64/lib/python3.12/site-packages/urllib3/connection.py", line 565, in getresponse
    httplib_response = super().getresponse()
                       ^^^^^^^^^^^^^^^^^^^^^
  File "/opt/hostedtoolcache/Python/3.12.12/x64/lib/python3.12/http/client.py", line 1430, in getresponse
    response.begin()
  File "/opt/hostedtoolcache/Python/3.12.12/x64/lib/python3.12/http/client.py", line 331, in begin
    version, status, reason = self._read_status()
                              ^^^^^^^^^^^^^^^^^^^
  File "/opt/hostedtoolcache/Python/3.12.12/x64/lib/python3.12/http/client.py", line 292, in _read_status
    line = str(self.fp.readline(_MAXLINE + 1), "iso-8859-1")
               ^^^^^^^^^^^^^^^^^^^^^^^^^^^^^^
  File "/opt/hostedtoolcache/Python/3.12.12/x64/lib/python3.12/socket.py", line 720, in readinto
    return self._sock.recv_into(b)
           ^^^^^^^^^^^^^^^^^^^^^^^
TimeoutError: timed out

The above exception was the direct cause of the following exception:

Traceback (most recent call last):
  File "/opt/hostedtoolcache/Python/3.12.12/x64/lib/python3.12/site-packages/scrapy/utils/defer.py", line 343, in iter_errback
    yield next(it)
          ^^^^^^^^
  File "/opt/hostedtoolcache/Python/3.12.12/x64/lib/python3.12/site-packages/scrapy/utils/python.py", line 369, in __next__
    return next(self.data)
           ^^^^^^^^^^^^^^^
  File "/opt/hostedtoolcache/Python/3.12.12/x64/lib/python3.12/site-packages/scrapy/utils/python.py", line 369, in __next__
    return next(self.data)
           ^^^^^^^^^^^^^^^
  File "/opt/hostedtoolcache/Python/3.12.12/x64/lib/python3.12/site-packages/scrapy/core/spidermw.py", line 167, in process_sync
    yield from iterable
  File "/opt/hostedtoolcache/Python/3.12.12/x64/lib/python3.12/site-packages/scrapy/spidermiddlewares/base.py", line 58, in process_spider_output
    for o in result:
             ^^^^^^
  File "/opt/hostedtoolcache/Python/3.12.12/x64/lib/python3.12/site-packages/scrapy/core/spidermw.py", line 167, in process_sync
    yield from iterable
  File "/opt/hostedtoolcache/Python/3.12.12/x64/lib/python3.12/site-packages/scrapy/spidermiddlewares/base.py", line 58, in process_spider_output
    for o in result:
             ^^^^^^
  File "/opt/hostedtoolcache/Python/3.12.12/x64/lib/python3.12/site-packages/scrapy/core/spidermw.py", line 167, in process_sync
    yield from iterable
  File "/opt/hostedtoolcache/Python/3.12.12/x64/lib/python3.12/site-packages/scrapy/spidermiddlewares/base.py", line 58, in process_spider_output
    for o in result:
             ^^^^^^
  File "/opt/hostedtoolcache/Python/3.12.12/x64/lib/python3.12/site-packages/scrapy/core/spidermw.py", line 167, in process_sync
    yield from iterable
  File "/opt/hostedtoolcache/Python/3.12.12/x64/lib/python3.12/site-packages/scrapy/spidermiddlewares/depth.py", line 59, in process_spider_output
    yield from super().process_spider_output(response, result, spider)
  File "/opt/hostedtoolcache/Python/3.12.12/x64/lib/python3.12/site-packages/scrapy/spidermiddlewares/base.py", line 58, in process_spider_output
    for o in result:
             ^^^^^^
  File "/opt/hostedtoolcache/Python/3.12.12/x64/lib/python3.12/site-packages/scrapy/core/spidermw.py", line 167, in process_sync
    yield from iterable
  File "/home/runner/work/FreeNodes/FreeNodes/NodeScrapy/spiders/DecryptSpider.py", line 97, in parse_blog
    ok, msg = self._decrypt(response.url, method, pwd)
              ^^^^^^^^^^^^^^^^^^^^^^^^^^^^^^^^^^^^^^^^
  File "/home/runner/work/FreeNodes/FreeNodes/NodeScrapy/spiders/DecryptSpider.py", line 46, in _decrypt
    self.driver.get(url)
  File "/opt/hostedtoolcache/Python/3.12.12/x64/lib/python3.12/site-packages/selenium/webdriver/remote/webdriver.py", line 483, in get
    self.execute(Command.GET, {"url": url})
  File "/opt/hostedtoolcache/Python/3.12.12/x64/lib/python3.12/site-packages/selenium/webdriver/remote/webdriver.py", line 455, in execute
    response = cast(RemoteConnection, self.command_executor).execute(driver_command, params)
               ^^^^^^^^^^^^^^^^^^^^^^^^^^^^^^^^^^^^^^^^^^^^^^^^^^^^^^^^^^^^^^^^^^^^^^^^^^^^^
  File "/opt/hostedtoolcache/Python/3.12.12/x64/lib/python3.12/site-packages/selenium/webdriver/remote/remote_connection.py", line 407, in execute
    return self._request(command_info[0], url, body=data)
           ^^^^^^^^^^^^^^^^^^^^^^^^^^^^^^^^^^^^^^^^^^^^^^
  File "/opt/hostedtoolcache/Python/3.12.12/x64/lib/python3.12/site-packages/selenium/webdriver/remote/remote_connection.py", line 431, in _request
    response = self._conn.request(method, url, body=body, headers=headers, timeout=self._client_config.timeout)
               ^^^^^^^^^^^^^^^^^^^^^^^^^^^^^^^^^^^^^^^^^^^^^^^^^^^^^^^^^^^^^^^^^^^^^^^^^^^^^^^^^^^^^^^^^^^^^^^^
  File "/opt/hostedtoolcache/Python/3.12.12/x64/lib/python3.12/site-packages/urllib3/_request_methods.py", line 143, in request
    return self.request_encode_body(
           ^^^^^^^^^^^^^^^^^^^^^^^^^
  File "/opt/hostedtoolcache/Python/3.12.12/x64/lib/python3.12/site-packages/urllib3/_request_methods.py", line 278, in request_encode_body
    return self.urlopen(method, url, **extra_kw)
           ^^^^^^^^^^^^^^^^^^^^^^^^^^^^^^^^^^^^^
  File "/opt/hostedtoolcache/Python/3.12.12/x64/lib/python3.12/site-packages/urllib3/poolmanager.py", line 459, in urlopen
    response = conn.urlopen(method, u.request_uri, **kw)
               ^^^^^^^^^^^^^^^^^^^^^^^^^^^^^^^^^^^^^^^^^
  File "/opt/hostedtoolcache/Python/3.12.12/x64/lib/python3.12/site-packages/urllib3/connectionpool.py", line 841, in urlopen
    retries = retries.increment(
              ^^^^^^^^^^^^^^^^^^
  File "/opt/hostedtoolcache/Python/3.12.12/x64/lib/python3.12/site-packages/urllib3/util/retry.py", line 474, in increment
    raise reraise(type(error), error, _stacktrace)
          ^^^^^^^^^^^^^^^^^^^^^^^^^^^^^^^^^^^^^^^^
  File "/opt/hostedtoolcache/Python/3.12.12/x64/lib/python3.12/site-packages/urllib3/util/util.py", line 39, in reraise
    raise value
  File "/opt/hostedtoolcache/Python/3.12.12/x64/lib/python3.12/site-packages/urllib3/connectionpool.py", line 787, in urlopen
    response = self._make_request(
               ^^^^^^^^^^^^^^^^^^^
  File "/opt/hostedtoolcache/Python/3.12.12/x64/lib/python3.12/site-packages/urllib3/connectionpool.py", line 536, in _make_request
    self._raise_timeout(err=e, url=url, timeout_value=read_timeout)
  File "/opt/hostedtoolcache/Python/3.12.12/x64/lib/python3.12/site-packages/urllib3/connectionpool.py", line 367, in _raise_timeout
    raise ReadTimeoutError(
urllib3.exceptions.ReadTimeoutError: HTTPConnectionPool(host='localhost', port=57625): Read timed out. (read timeout=120)
2025-11-19 04:27:01 [scrapy.extensions.logstats] INFO: Crawled 6 pages (at 6 pages/min), scraped 0 items (at 0 items/min)
2025-11-19 04:27:01 [decrypt] INFO: yudou66 found https://yy.yudou66.top/202511/20251117bg4ase.txt
2025-11-19 04:27:01 [decrypt] INFO: yudou66 found https://yy.yudou66.top/202511/2025.11.17Clas5sh.yaml
2025-11-19 04:29:01 [scrapy.core.scraper] ERROR: Spider error processing <GET http://www.yudou6677.top/2025/11/202511181451080p4kv2rayclashsing.html?m=1> (referer: None)
Traceback (most recent call last):
  File "/opt/hostedtoolcache/Python/3.12.12/x64/lib/python3.12/site-packages/urllib3/connectionpool.py", line 534, in _make_request
    response = conn.getresponse()
               ^^^^^^^^^^^^^^^^^^
  File "/opt/hostedtoolcache/Python/3.12.12/x64/lib/python3.12/site-packages/urllib3/connection.py", line 565, in getresponse
    httplib_response = super().getresponse()
                       ^^^^^^^^^^^^^^^^^^^^^
  File "/opt/hostedtoolcache/Python/3.12.12/x64/lib/python3.12/http/client.py", line 1430, in getresponse
    response.begin()
  File "/opt/hostedtoolcache/Python/3.12.12/x64/lib/python3.12/http/client.py", line 331, in begin
    version, status, reason = self._read_status()
                              ^^^^^^^^^^^^^^^^^^^
  File "/opt/hostedtoolcache/Python/3.12.12/x64/lib/python3.12/http/client.py", line 292, in _read_status
    line = str(self.fp.readline(_MAXLINE + 1), "iso-8859-1")
               ^^^^^^^^^^^^^^^^^^^^^^^^^^^^^^
  File "/opt/hostedtoolcache/Python/3.12.12/x64/lib/python3.12/socket.py", line 720, in readinto
    return self._sock.recv_into(b)
           ^^^^^^^^^^^^^^^^^^^^^^^
TimeoutError: timed out

The above exception was the direct cause of the following exception:

Traceback (most recent call last):
  File "/opt/hostedtoolcache/Python/3.12.12/x64/lib/python3.12/site-packages/scrapy/utils/defer.py", line 343, in iter_errback
    yield next(it)
          ^^^^^^^^
  File "/opt/hostedtoolcache/Python/3.12.12/x64/lib/python3.12/site-packages/scrapy/utils/python.py", line 369, in __next__
    return next(self.data)
           ^^^^^^^^^^^^^^^
  File "/opt/hostedtoolcache/Python/3.12.12/x64/lib/python3.12/site-packages/scrapy/utils/python.py", line 369, in __next__
    return next(self.data)
           ^^^^^^^^^^^^^^^
  File "/opt/hostedtoolcache/Python/3.12.12/x64/lib/python3.12/site-packages/scrapy/core/spidermw.py", line 167, in process_sync
    yield from iterable
  File "/opt/hostedtoolcache/Python/3.12.12/x64/lib/python3.12/site-packages/scrapy/spidermiddlewares/base.py", line 58, in process_spider_output
    for o in result:
             ^^^^^^
  File "/opt/hostedtoolcache/Python/3.12.12/x64/lib/python3.12/site-packages/scrapy/core/spidermw.py", line 167, in process_sync
    yield from iterable
  File "/opt/hostedtoolcache/Python/3.12.12/x64/lib/python3.12/site-packages/scrapy/spidermiddlewares/base.py", line 58, in process_spider_output
    for o in result:
             ^^^^^^
  File "/opt/hostedtoolcache/Python/3.12.12/x64/lib/python3.12/site-packages/scrapy/core/spidermw.py", line 167, in process_sync
    yield from iterable
  File "/opt/hostedtoolcache/Python/3.12.12/x64/lib/python3.12/site-packages/scrapy/spidermiddlewares/base.py", line 58, in process_spider_output
    for o in result:
             ^^^^^^
  File "/opt/hostedtoolcache/Python/3.12.12/x64/lib/python3.12/site-packages/scrapy/core/spidermw.py", line 167, in process_sync
    yield from iterable
  File "/opt/hostedtoolcache/Python/3.12.12/x64/lib/python3.12/site-packages/scrapy/spidermiddlewares/depth.py", line 59, in process_spider_output
    yield from super().process_spider_output(response, result, spider)
  File "/opt/hostedtoolcache/Python/3.12.12/x64/lib/python3.12/site-packages/scrapy/spidermiddlewares/base.py", line 58, in process_spider_output
    for o in result:
             ^^^^^^
  File "/opt/hostedtoolcache/Python/3.12.12/x64/lib/python3.12/site-packages/scrapy/core/spidermw.py", line 167, in process_sync
    yield from iterable
  File "/home/runner/work/FreeNodes/FreeNodes/NodeScrapy/spiders/DecryptSpider.py", line 97, in parse_blog
    ok, msg = self._decrypt(response.url, method, pwd)
              ^^^^^^^^^^^^^^^^^^^^^^^^^^^^^^^^^^^^^^^^
  File "/home/runner/work/FreeNodes/FreeNodes/NodeScrapy/spiders/DecryptSpider.py", line 46, in _decrypt
    self.driver.get(url)
  File "/opt/hostedtoolcache/Python/3.12.12/x64/lib/python3.12/site-packages/selenium/webdriver/remote/webdriver.py", line 483, in get
    self.execute(Command.GET, {"url": url})
  File "/opt/hostedtoolcache/Python/3.12.12/x64/lib/python3.12/site-packages/selenium/webdriver/remote/webdriver.py", line 455, in execute
    response = cast(RemoteConnection, self.command_executor).execute(driver_command, params)
               ^^^^^^^^^^^^^^^^^^^^^^^^^^^^^^^^^^^^^^^^^^^^^^^^^^^^^^^^^^^^^^^^^^^^^^^^^^^^^
  File "/opt/hostedtoolcache/Python/3.12.12/x64/lib/python3.12/site-packages/selenium/webdriver/remote/remote_connection.py", line 407, in execute
    return self._request(command_info[0], url, body=data)
           ^^^^^^^^^^^^^^^^^^^^^^^^^^^^^^^^^^^^^^^^^^^^^^
  File "/opt/hostedtoolcache/Python/3.12.12/x64/lib/python3.12/site-packages/selenium/webdriver/remote/remote_connection.py", line 431, in _request
    response = self._conn.request(method, url, body=body, headers=headers, timeout=self._client_config.timeout)
               ^^^^^^^^^^^^^^^^^^^^^^^^^^^^^^^^^^^^^^^^^^^^^^^^^^^^^^^^^^^^^^^^^^^^^^^^^^^^^^^^^^^^^^^^^^^^^^^^
  File "/opt/hostedtoolcache/Python/3.12.12/x64/lib/python3.12/site-packages/urllib3/_request_methods.py", line 143, in request
    return self.request_encode_body(
           ^^^^^^^^^^^^^^^^^^^^^^^^^
  File "/opt/hostedtoolcache/Python/3.12.12/x64/lib/python3.12/site-packages/urllib3/_request_methods.py", line 278, in request_encode_body
    return self.urlopen(method, url, **extra_kw)
           ^^^^^^^^^^^^^^^^^^^^^^^^^^^^^^^^^^^^^
  File "/opt/hostedtoolcache/Python/3.12.12/x64/lib/python3.12/site-packages/urllib3/poolmanager.py", line 459, in urlopen
    response = conn.urlopen(method, u.request_uri, **kw)
               ^^^^^^^^^^^^^^^^^^^^^^^^^^^^^^^^^^^^^^^^^
  File "/opt/hostedtoolcache/Python/3.12.12/x64/lib/python3.12/site-packages/urllib3/connectionpool.py", line 841, in urlopen
    retries = retries.increment(
              ^^^^^^^^^^^^^^^^^^
  File "/opt/hostedtoolcache/Python/3.12.12/x64/lib/python3.12/site-packages/urllib3/util/retry.py", line 474, in increment
    raise reraise(type(error), error, _stacktrace)
          ^^^^^^^^^^^^^^^^^^^^^^^^^^^^^^^^^^^^^^^^
  File "/opt/hostedtoolcache/Python/3.12.12/x64/lib/python3.12/site-packages/urllib3/util/util.py", line 39, in reraise
    raise value
  File "/opt/hostedtoolcache/Python/3.12.12/x64/lib/python3.12/site-packages/urllib3/connectionpool.py", line 787, in urlopen
    response = self._make_request(
               ^^^^^^^^^^^^^^^^^^^
  File "/opt/hostedtoolcache/Python/3.12.12/x64/lib/python3.12/site-packages/urllib3/connectionpool.py", line 536, in _make_request
    self._raise_timeout(err=e, url=url, timeout_value=read_timeout)
  File "/opt/hostedtoolcache/Python/3.12.12/x64/lib/python3.12/site-packages/urllib3/connectionpool.py", line 367, in _raise_timeout
    raise ReadTimeoutError(
urllib3.exceptions.ReadTimeoutError: HTTPConnectionPool(host='localhost', port=57625): Read timed out. (read timeout=120)
2025-11-19 04:29:01 [scrapy.extensions.logstats] INFO: Crawled 6 pages (at 0 pages/min), scraped 0 items (at 0 items/min)
2025-11-19 04:29:02 [decrypt] INFO: Pipeline got item blues.txt
2025-11-19 04:29:02 [decrypt] INFO: Pipeline processed blues.txt
2025-11-19 04:29:02 [decrypt] INFO: Pipeline got item yudou66.txt
2025-11-19 04:29:02 [decrypt] INFO: Pipeline processed yudou66.txt
2025-11-19 04:29:03 [decrypt] INFO: Pipeline got item blues.yaml
2025-11-19 04:29:03 [decrypt] INFO: Pipeline processed blues.yaml
2025-11-19 04:29:04 [decrypt] INFO: Pipeline got item yudou66.yaml
2025-11-19 04:29:05 [decrypt] INFO: Pipeline processed yudou66.yaml
2025-11-19 04:29:05 [scrapy.core.engine] INFO: Closing spider (finished)
2025-11-19 04:31:05 [urllib3.connectionpool] WARNING: Retrying (Retry(total=2, connect=None, read=None, redirect=None, status=None)) after connection broken by 'ReadTimeoutError("HTTPConnectionPool(host='localhost', port=57625): Read timed out. (read timeout=120)")': /session/9a01589e83500f3c244e336578c64a54
2025-11-19 04:33:05 [urllib3.connectionpool] WARNING: Retrying (Retry(total=1, connect=None, read=None, redirect=None, status=None)) after connection broken by 'ReadTimeoutError("HTTPConnectionPool(host='localhost', port=57625): Read timed out. (read timeout=120)")': /session/9a01589e83500f3c244e336578c64a54
2025-11-19 04:35:05 [scrapy.statscollectors] INFO: Dumping Scrapy stats:
{'downloader/exception_count': 3,
 'downloader/exception_type_count/twisted.internet.error.DNSLookupError': 3,
 'downloader/request_bytes': 6443,
 'downloader/request_count': 17,
 'downloader/request_method_count/GET': 17,
 'downloader/response_bytes': 1117866,
 'downloader/response_count': 14,
 'downloader/response_status_count/200': 10,
 'downloader/response_status_count/302': 4,
 'elapsed_time_seconds': 631.090336,
 'finish_reason': 'finished',
 'finish_time': datetime.datetime(2025, 11, 19, 4, 35, 5, 431887, tzinfo=datetime.timezone.utc),
 'httpcompression/response_bytes': 1372909,
 'httpcompression/response_count': 8,
 'item_scraped_count': 4,
 'items_per_minute': 0.38034865293185416,
 'log_count/ERROR': 2,
 'log_count/INFO': 53,
 'log_count/WARNING': 28,
 'memusage/max': 190554112,
 'memusage/startup': 181592064,
 'request_depth_max': 2,
 'response_received_count': 10,
 'responses_per_minute': 0.9508716323296355,
 'retry/count': 3,
 'retry/reason_count/twisted.internet.error.DNSLookupError': 3,
 'scheduler/dequeued': 17,
 'scheduler/dequeued/memory': 17,
 'scheduler/enqueued': 17,
 'scheduler/enqueued/memory': 17,
 'spider_exceptions/ReadTimeoutError': 2,
 'spider_exceptions/count': 2,
 'start_time': datetime.datetime(2025, 11, 19, 4, 24, 34, 341551, tzinfo=datetime.timezone.utc)}
2025-11-19 04:35:05 [scrapy.core.engine] INFO: Spider closed (finished)
