2025-12-08 04:34:08 [scrapy.middleware] INFO: Enabled downloader middlewares:
['scrapy.downloadermiddlewares.offsite.OffsiteMiddleware',
 'scrapy.downloadermiddlewares.httpauth.HttpAuthMiddleware',
 'scrapy.downloadermiddlewares.downloadtimeout.DownloadTimeoutMiddleware',
 'scrapy.downloadermiddlewares.defaultheaders.DefaultHeadersMiddleware',
 'NodeScrapy.middlewares.RandomUserAgentMiddleware',
 'scrapy.downloadermiddlewares.useragent.UserAgentMiddleware',
 'scrapy.downloadermiddlewares.retry.RetryMiddleware',
 'scrapy.downloadermiddlewares.redirect.MetaRefreshMiddleware',
 'scrapy.downloadermiddlewares.httpcompression.HttpCompressionMiddleware',
 'scrapy.downloadermiddlewares.redirect.RedirectMiddleware',
 'scrapy.downloadermiddlewares.cookies.CookiesMiddleware',
 'scrapy.downloadermiddlewares.httpproxy.HttpProxyMiddleware',
 'scrapy.downloadermiddlewares.stats.DownloaderStats']
2025-12-08 04:34:08 [scrapy.middleware] INFO: Enabled spider middlewares:
['scrapy.spidermiddlewares.start.StartSpiderMiddleware',
 'scrapy.spidermiddlewares.httperror.HttpErrorMiddleware',
 'scrapy.spidermiddlewares.referer.RefererMiddleware',
 'scrapy.spidermiddlewares.urllength.UrlLengthMiddleware',
 'scrapy.spidermiddlewares.depth.DepthMiddleware']
2025-12-08 04:34:08 [scrapy.middleware] INFO: Enabled item pipelines:
['NodeScrapy.pipelines.Pipeline']
2025-12-08 04:34:08 [scrapy.core.engine] INFO: Spider opened
2025-12-08 04:34:08 [py.warnings] WARNING: /opt/hostedtoolcache/Python/3.12.12/x64/lib/python3.12/site-packages/scrapy/core/spidermw.py:433: ScrapyDeprecationWarning: NodeScrapy.spiders.SimpleSpider.SimpleSpider defines the deprecated start_requests() method. start_requests() has been deprecated in favor of a new method, start(), to support asynchronous code execution. start_requests() will stop being called in a future version of Scrapy. If you use Scrapy 2.13 or higher only, replace start_requests() with start(); note that start() is a coroutine (async def). If you need to maintain compatibility with lower Scrapy versions, when overriding start_requests() in a spider class, override start() as well; you can use super() to reuse the inherited start() implementation without copy-pasting. See the release notes of Scrapy 2.13 for details: https://docs.scrapy.org/en/2.13/news.html
  warn(

2025-12-08 04:34:08 [scrapy.extensions.logstats] INFO: Crawled 0 pages (at 0 pages/min), scraped 0 items (at 0 items/min)
2025-12-08 04:34:08 [scrapy.extensions.telnet] INFO: Telnet console listening on 127.0.0.1:6023
2025-12-08 04:34:08 [simple] INFO: clashmeta start
2025-12-08 04:34:08 [simple] INFO: ndnode start
2025-12-08 04:34:08 [simple] INFO: nodev2ray start
2025-12-08 04:34:08 [simple] INFO: nodefree start
2025-12-08 04:34:08 [simple] INFO: v2rayshare start
2025-12-08 04:34:08 [simple] INFO: wenode start
2025-12-08 04:34:09 [simple] INFO: clashmeta found /free-nodes/2025-12-3-clash-meta-github.htm on 2025-03-01
2025-12-08 04:34:09 [simple] INFO: clashmeta found /free-nodes/2025-12-2-clash-meta-node-github.htm on 2025-03-01
2025-12-08 04:34:09 [simple] INFO: clashmeta found /free-nodes/2025-12-1-latest-clash-meta-node.htm on 2025-03-01
2025-12-08 04:34:09 [simple] INFO: clashmeta found /free-nodes/2025-11-30-free-clash-meta-node.htm on 2025-11-30
2025-12-08 04:34:09 [simple] INFO: clashmeta found /free-nodes/2025-11-30-free-clash-meta-node.htm on 2025-11-30
2025-12-08 04:34:09 [simple] INFO: clashmeta found /free-nodes/2025-11-29-node-share-links.htm on 2025-11-29
2025-12-08 04:34:09 [simple] INFO: clashmeta found /free-nodes/2025-11-29-node-share-links.htm on 2025-11-29
2025-12-08 04:34:09 [simple] INFO: clashmeta found /free-nodes/2025-11-28-clash-meta-windows.htm on 2025-11-28
2025-12-08 04:34:09 [simple] INFO: clashmeta found /free-nodes/2025-11-28-clash-meta-windows.htm on 2025-11-28
2025-12-08 04:34:09 [simple] INFO: clashmeta found /free-nodes/2025-11-26-free-node-subscribe-links.htm on 2025-11-26
2025-12-08 04:34:09 [simple] INFO: clashmeta found /free-nodes/2025-11-26-free-node-subscribe-links.htm on 2025-11-26
2025-12-08 04:34:09 [simple] INFO: clashmeta found /free-nodes/2025-11-23-latest-clash-meta-node.htm on 2025-11-23
2025-12-08 04:34:09 [simple] INFO: clashmeta found /free-nodes/2025-11-23-latest-clash-meta-node.htm on 2025-11-23
2025-12-08 04:34:09 [simple] INFO: clashmeta found /free-nodes/2025-11-22-free-node-subscribe.htm on 2025-11-22
2025-12-08 04:34:09 [simple] INFO: clashmeta found /free-nodes/2025-11-22-free-node-subscribe.htm on 2025-11-22
2025-12-08 04:34:09 [simple] INFO: clashmeta found /free-nodes/2025-11-21-free-high-speed-nodes.htm on 2025-11-21
2025-12-08 04:34:09 [simple] INFO: clashmeta found /free-nodes/2025-11-21-free-high-speed-nodes.htm on 2025-11-21
2025-12-08 04:34:09 [simple] INFO: clashmeta is up to date, exiting
2025-12-08 04:34:09 [simple] INFO: clashmeta needs update, accessing https://clash-meta.github.io/free-nodes/2025-12-3-clash-meta-github.htm
2025-12-08 04:34:09 [simple] INFO: clashmeta is up to date, exiting
2025-12-08 04:34:09 [simple] INFO: v2rayshare found https://v2rayshare.net/p/4128.html on 2025-11-30
2025-12-08 04:34:09 [simple] INFO: v2rayshare found https://v2rayshare.net/p/4129.html on 2025-11-29
2025-12-08 04:34:09 [simple] INFO: v2rayshare found https://v2rayshare.net/p/4130.html on 2025-11-28
2025-12-08 04:34:09 [simple] INFO: v2rayshare needs update, accessing https://v2rayshare.net/p/4121.html
2025-12-08 04:34:09 [simple] INFO: v2rayshare needs update, accessing https://v2rayshare.net/p/4122.html
2025-12-08 04:34:09 [simple] INFO: v2rayshare needs update, accessing https://v2rayshare.net/p/4123.html
2025-12-08 04:34:09 [simple] INFO: nodev2ray found /free-node/2025-11-30-free-node-subscribe-links.htm on 2025-11-30
2025-12-08 04:34:09 [simple] INFO: nodev2ray found /free-node/2025-11-29-free-ssr-node.htm on 2025-11-29
2025-12-08 04:34:09 [simple] INFO: nodev2ray needs update, accessing https://nodev2ray.com/free-node/2025-12-8-free-clash.htm
2025-12-08 04:34:09 [simple] INFO: nodev2ray needs update, accessing https://nodev2ray.com/free-node/2025-12-7-free-clash-subscribe.htm
2025-12-08 04:34:09 [simple] INFO: nodev2ray needs update, accessing https://nodev2ray.com/free-node/2025-12-6-v2ray-node-daily-updates.htm
2025-12-08 04:34:09 [simple] INFO: ndnode found https://www.naidounode.com/n/3411.html on 2025-11-30
2025-12-08 04:34:09 [simple] INFO: ndnode found https://www.naidounode.com/n/3409.html on 2025-11-29
2025-12-08 04:34:09 [simple] INFO: ndnode needs update, accessing https://www.naidounode.com/n/3427.html
2025-12-08 04:34:09 [simple] INFO: ndnode needs update, accessing https://www.naidounode.com/n/3425.html
2025-12-08 04:34:09 [simple] INFO: ndnode needs update, accessing https://www.naidounode.com/n/3423.html
2025-12-08 04:34:09 [simple] INFO: v2rayshare found https://v2rayshare.githubrowcontent.com/2025/12/20251207.txt
2025-12-08 04:34:09 [simple] INFO: v2rayshare found https://v2rayshare.githubrowcontent.com/2025/12/20251207.yaml
2025-12-08 04:34:09 [simple] INFO: v2rayshare found https://v2rayshare.githubrowcontent.com/2025/12/20251207.yaml
2025-12-08 04:34:09 [simple] INFO: ndnode found http://naidounode.cczzuu.top/node/20251208-v2ray.txt
2025-12-08 04:34:09 [simple] INFO: ndnode found http://naidounode.cczzuu.top/node/20251208-clash.yaml
2025-12-08 04:34:09 [simple] INFO: wenode found https://oneclash.cc/a/2324.html on 2025-11-30
2025-12-08 04:34:09 [simple] INFO: wenode found https://oneclash.cc/a/2325.html on 2025-11-29
2025-12-08 04:34:09 [simple] INFO: wenode needs update, accessing https://oneclash.cc/a/2316.html
2025-12-08 04:34:09 [simple] INFO: wenode needs update, accessing https://oneclash.cc/a/2317.html
2025-12-08 04:34:09 [simple] INFO: wenode needs update, accessing https://oneclash.cc/a/2318.html
2025-12-08 04:34:09 [simple] INFO: v2rayshare found https://v2rayshare.githubrowcontent.com/2025/12/20251205.txt
2025-12-08 04:34:09 [simple] INFO: v2rayshare found https://v2rayshare.githubrowcontent.com/2025/12/20251205.yaml
2025-12-08 04:34:09 [simple] INFO: v2rayshare found https://v2rayshare.githubrowcontent.com/2025/12/20251205.yaml
2025-12-08 04:34:09 [simple] INFO: v2rayshare found https://v2rayshare.githubrowcontent.com/2025/12/20251206.txt
2025-12-08 04:34:09 [simple] INFO: v2rayshare found https://v2rayshare.githubrowcontent.com/2025/12/20251206.yaml
2025-12-08 04:34:09 [simple] INFO: v2rayshare found https://v2rayshare.githubrowcontent.com/2025/12/20251206.yaml
2025-12-08 04:34:09 [simple] INFO: ndnode found http://naidounode.cczzuu.top/node/20251207-v2ray.txt
2025-12-08 04:34:09 [simple] INFO: ndnode found http://naidounode.cczzuu.top/node/20251207-clash.yaml
2025-12-08 04:34:09 [simple] INFO: ndnode found http://naidounode.cczzuu.top/node/20251206-v2ray.txt
2025-12-08 04:34:09 [simple] INFO: ndnode found http://naidounode.cczzuu.top/node/20251206-clash.yaml
2025-12-08 04:34:09 [simple] INFO: nodefree found https://nodefree.me/p/2714.html on 2025-11-30
2025-12-08 04:34:09 [simple] INFO: nodefree found https://nodefree.me/p/2715.html on 2025-11-29
2025-12-08 04:34:09 [simple] INFO: nodefree needs update, accessing https://nodefree.me/p/2706.html
2025-12-08 04:34:09 [simple] INFO: nodefree needs update, accessing https://nodefree.me/p/2707.html
2025-12-08 04:34:09 [simple] INFO: nodefree needs update, accessing https://nodefree.me/p/2708.html
2025-12-08 04:34:10 [simple] WARNING: wenode could not parse https://oneclash.githubrowcontent.com/2025/1..."/, skipping
2025-12-08 04:34:10 [simple] INFO: wenode found https://oneclash.githubrowcontent.com/2025/12/20251208.txt
2025-12-08 04:34:10 [simple] INFO: wenode found https://oneclash.githubrowcontent.com/2025/12/20251208.yaml
2025-12-08 04:34:10 [simple] INFO: wenode found https://oneclash.githubrowcontent.com/2025/12/m20251208.yaml
2025-12-08 04:34:10 [simple] INFO: nodev2ray found https://node.nodev2ray.com/uploads/2025/12/0-20251208.txt
2025-12-08 04:34:10 [simple] INFO: nodev2ray found https://node.nodev2ray.com/uploads/2025/12/1-20251208.txt
2025-12-08 04:34:10 [simple] INFO: nodev2ray found https://node.nodev2ray.com/uploads/2025/12/3-20251208.txt
2025-12-08 04:34:10 [simple] INFO: nodev2ray found https://node.nodev2ray.com/uploads/2025/12/0-20251208.yaml
2025-12-08 04:34:10 [simple] INFO: nodev2ray found https://node.nodev2ray.com/uploads/2025/12/1-20251208.yaml
2025-12-08 04:34:10 [simple] INFO: nodev2ray found https://node.nodev2ray.com/uploads/2025/12/4-20251208.yaml
2025-12-08 04:34:10 [simple] WARNING: nodev2ray could not parse https://node.nodev2ray.com/uploads/2025/12/20251208.json, skipping
2025-12-08 04:34:10 [simple] WARNING: wenode could not parse https://oneclash.githubrowcontent.com/2025/1..."/, skipping
2025-12-08 04:34:10 [simple] INFO: wenode found https://oneclash.githubrowcontent.com/2025/12/20251206.txt
2025-12-08 04:34:10 [simple] INFO: wenode found https://oneclash.githubrowcontent.com/2025/12/20251206.yaml
2025-12-08 04:34:10 [simple] INFO: wenode found https://oneclash.githubrowcontent.com/2025/12/m20251206.yaml
2025-12-08 04:34:10 [simple] INFO: nodev2ray found https://node.nodev2ray.com/uploads/2025/12/0-20251206.txt
2025-12-08 04:34:10 [simple] INFO: nodev2ray found https://node.nodev2ray.com/uploads/2025/12/2-20251206.txt
2025-12-08 04:34:10 [simple] INFO: nodev2ray found https://node.nodev2ray.com/uploads/2025/12/3-20251206.txt
2025-12-08 04:34:10 [simple] INFO: nodev2ray found https://node.nodev2ray.com/uploads/2025/12/4-20251206.txt
2025-12-08 04:34:10 [simple] INFO: nodev2ray found https://node.nodev2ray.com/uploads/2025/12/1-20251206.yaml
2025-12-08 04:34:10 [simple] INFO: nodev2ray found https://node.nodev2ray.com/uploads/2025/12/3-20251206.yaml
2025-12-08 04:34:10 [simple] INFO: nodev2ray found https://node.nodev2ray.com/uploads/2025/12/4-20251206.yaml
2025-12-08 04:34:10 [simple] WARNING: nodev2ray could not parse https://node.nodev2ray.com/uploads/2025/12/20251206.json, skipping
2025-12-08 04:34:10 [simple] INFO: nodev2ray found https://node.nodev2ray.com/uploads/2025/12/0-20251207.txt
2025-12-08 04:34:10 [simple] INFO: nodev2ray found https://node.nodev2ray.com/uploads/2025/12/1-20251207.txt
2025-12-08 04:34:10 [simple] INFO: nodev2ray found https://node.nodev2ray.com/uploads/2025/12/2-20251207.txt
2025-12-08 04:34:10 [simple] INFO: nodev2ray found https://node.nodev2ray.com/uploads/2025/12/4-20251207.txt
2025-12-08 04:34:10 [simple] INFO: nodev2ray found https://node.nodev2ray.com/uploads/2025/12/3-20251207.yaml
2025-12-08 04:34:10 [simple] INFO: nodev2ray found https://node.nodev2ray.com/uploads/2025/12/4-20251207.yaml
2025-12-08 04:34:10 [simple] WARNING: nodev2ray could not parse https://node.nodev2ray.com/uploads/2025/12/20251207.json, skipping
2025-12-08 04:34:10 [simple] INFO: Pipeline got item ndnode.txt
2025-12-08 04:34:10 [simple] INFO: Pipeline processed ndnode.txt
2025-12-08 04:34:10 [simple] INFO: Pipeline got item ndnode.txt
2025-12-08 04:34:10 [simple] INFO: Pipeline processed ndnode.txt
2025-12-08 04:34:10 [simple] INFO: Pipeline got item ndnode.yaml
2025-12-08 04:34:10 [simple] INFO: Pipeline processed ndnode.yaml
2025-12-08 04:34:10 [simple] INFO: Pipeline got item ndnode.txt
2025-12-08 04:34:10 [simple] INFO: Pipeline processed ndnode.txt
2025-12-08 04:34:10 [simple] INFO: Pipeline got item v2rayshare.yaml
2025-12-08 04:34:10 [simple] INFO: Pipeline processed v2rayshare.yaml
2025-12-08 04:34:10 [simple] INFO: Pipeline got item v2rayshare.txt
2025-12-08 04:34:10 [simple] INFO: Pipeline processed v2rayshare.txt
2025-12-08 04:34:10 [simple] WARNING: wenode could not parse https://oneclash.githubrowcontent.com/2025/1..."/, skipping
2025-12-08 04:34:10 [simple] INFO: wenode found https://oneclash.githubrowcontent.com/2025/12/20251207.txt
2025-12-08 04:34:10 [simple] INFO: wenode found https://oneclash.githubrowcontent.com/2025/12/20251207.yaml
2025-12-08 04:34:10 [simple] INFO: wenode found https://oneclash.githubrowcontent.com/2025/12/m20251207.yaml
2025-12-08 04:34:10 [simple] INFO: Pipeline got item v2rayshare.yaml
2025-12-08 04:34:10 [simple] INFO: Pipeline processed v2rayshare.yaml
2025-12-08 04:34:10 [simple] INFO: Pipeline got item v2rayshare.txt
2025-12-08 04:34:10 [simple] INFO: Pipeline processed v2rayshare.txt
2025-12-08 04:34:10 [simple] INFO: Pipeline got item v2rayshare.yaml
2025-12-08 04:34:10 [simple] INFO: Pipeline processed v2rayshare.yaml
2025-12-08 04:34:10 [simple] INFO: Pipeline got item v2rayshare.txt
2025-12-08 04:34:10 [simple] INFO: Pipeline processed v2rayshare.txt
2025-12-08 04:34:10 [simple] INFO: nodefree found https://nodefree.githubrowcontent.com/2025/12/20251208.txt
2025-12-08 04:34:10 [simple] INFO: nodefree found https://nodefree.githubrowcontent.com/2025/12/20251208.yaml
2025-12-08 04:34:10 [simple] INFO: nodefree found https://nodefree.githubrowcontent.com/2025/12/m20251208.yaml
2025-12-08 04:34:10 [simple] INFO: Pipeline got item ndnode.yaml
2025-12-08 04:34:10 [simple] INFO: Pipeline processed ndnode.yaml
2025-12-08 04:34:10 [simple] INFO: Pipeline got item ndnode.yaml
2025-12-08 04:34:11 [simple] INFO: Pipeline processed ndnode.yaml
2025-12-08 04:34:11 [simple] INFO: nodefree found https://nodefree.githubrowcontent.com/2025/12/20251207.txt
2025-12-08 04:34:11 [simple] INFO: nodefree found https://nodefree.githubrowcontent.com/2025/12/20251207.yaml
2025-12-08 04:34:11 [simple] INFO: nodefree found https://nodefree.githubrowcontent.com/2025/12/m20251207.yaml
2025-12-08 04:34:11 [simple] INFO: nodefree found https://nodefree.githubrowcontent.com/2025/12/20251206.txt
2025-12-08 04:34:11 [simple] INFO: nodefree found https://nodefree.githubrowcontent.com/2025/12/20251206.yaml
2025-12-08 04:34:11 [simple] INFO: nodefree found https://nodefree.githubrowcontent.com/2025/12/m20251206.yaml
2025-12-08 04:34:11 [simple] INFO: Pipeline got item wenode.txt
2025-12-08 04:34:11 [simple] INFO: Pipeline processed wenode.txt
2025-12-08 04:34:11 [simple] INFO: Pipeline got item wenode.yaml
2025-12-08 04:34:11 [simple] INFO: Pipeline processed wenode.yaml
2025-12-08 04:34:11 [simple] INFO: Pipeline got item wenode.yaml
2025-12-08 04:34:11 [simple] INFO: Pipeline processed wenode.yaml
2025-12-08 04:34:11 [simple] INFO: Pipeline got item wenode.yaml
2025-12-08 04:34:11 [simple] INFO: Pipeline processed wenode.yaml
2025-12-08 04:34:11 [simple] INFO: Pipeline got item wenode.txt
2025-12-08 04:34:11 [simple] INFO: Pipeline processed wenode.txt
2025-12-08 04:34:11 [simple] INFO: Pipeline got item nodev2ray.txt
2025-12-08 04:34:11 [simple] INFO: Pipeline processed nodev2ray.txt
2025-12-08 04:34:11 [simple] INFO: Pipeline got item nodev2ray.yaml
2025-12-08 04:34:11 [simple] INFO: Pipeline processed nodev2ray.yaml
2025-12-08 04:34:11 [simple] INFO: Pipeline got item nodev2ray.yaml
2025-12-08 04:34:11 [simple] INFO: Pipeline processed nodev2ray.yaml
2025-12-08 04:34:11 [simple] INFO: Pipeline got item nodev2ray.txt
2025-12-08 04:34:11 [simple] INFO: Pipeline processed nodev2ray.txt
2025-12-08 04:34:11 [simple] INFO: Pipeline got item nodev2ray.txt
2025-12-08 04:34:11 [simple] INFO: Pipeline processed nodev2ray.txt
2025-12-08 04:34:11 [simple] INFO: Pipeline got item nodev2ray.txt
2025-12-08 04:34:11 [simple] INFO: Pipeline processed nodev2ray.txt
2025-12-08 04:34:11 [simple] INFO: Pipeline got item nodev2ray.txt
2025-12-08 04:34:11 [simple] INFO: Pipeline processed nodev2ray.txt
2025-12-08 04:34:11 [simple] INFO: Pipeline got item wenode.yaml
2025-12-08 04:34:11 [simple] INFO: Pipeline processed wenode.yaml
2025-12-08 04:34:11 [simple] INFO: Pipeline got item nodev2ray.txt
2025-12-08 04:34:11 [simple] INFO: Pipeline processed nodev2ray.txt
2025-12-08 04:34:11 [simple] INFO: Pipeline got item nodev2ray.txt
2025-12-08 04:34:11 [simple] INFO: Pipeline processed nodev2ray.txt
2025-12-08 04:34:11 [simple] INFO: Pipeline got item nodev2ray.yaml
2025-12-08 04:34:11 [simple] INFO: Pipeline processed nodev2ray.yaml
2025-12-08 04:34:11 [simple] INFO: Pipeline got item wenode.yaml
2025-12-08 04:34:11 [simple] INFO: Pipeline processed wenode.yaml
2025-12-08 04:34:11 [simple] INFO: Pipeline got item wenode.txt
2025-12-08 04:34:11 [simple] INFO: Pipeline processed wenode.txt
2025-12-08 04:34:11 [simple] INFO: Pipeline got item wenode.yaml
2025-12-08 04:34:11 [simple] INFO: Pipeline processed wenode.yaml
2025-12-08 04:34:11 [simple] INFO: Pipeline got item nodev2ray.txt
2025-12-08 04:34:11 [simple] INFO: Pipeline processed nodev2ray.txt
2025-12-08 04:34:11 [simple] INFO: Pipeline got item nodev2ray.yaml
2025-12-08 04:34:12 [simple] INFO: Pipeline processed nodev2ray.yaml
2025-12-08 04:34:12 [simple] INFO: Pipeline got item nodev2ray.yaml
2025-12-08 04:34:12 [simple] INFO: Pipeline processed nodev2ray.yaml
2025-12-08 04:34:12 [simple] INFO: Pipeline got item nodev2ray.yaml
2025-12-08 04:34:15 [simple] INFO: Pipeline processed nodev2ray.yaml
2025-12-08 04:34:15 [simple] INFO: Pipeline got item nodev2ray.txt
2025-12-08 04:34:15 [simple] INFO: Pipeline processed nodev2ray.txt
2025-12-08 04:34:15 [simple] INFO: Pipeline got item nodev2ray.txt
2025-12-08 04:34:15 [simple] INFO: Pipeline processed nodev2ray.txt
2025-12-08 04:34:15 [simple] INFO: Pipeline got item nodev2ray.txt
2025-12-08 04:34:15 [simple] INFO: Pipeline processed nodev2ray.txt
2025-12-08 04:34:15 [simple] INFO: Pipeline got item nodefree.txt
2025-12-08 04:34:15 [simple] INFO: Pipeline processed nodefree.txt
2025-12-08 04:34:15 [simple] INFO: Pipeline got item nodefree.yaml
2025-12-08 04:34:15 [simple] INFO: Pipeline processed nodefree.yaml
2025-12-08 04:34:15 [simple] INFO: Pipeline got item nodefree.yaml
2025-12-08 04:34:15 [simple] INFO: Pipeline processed nodefree.yaml
2025-12-08 04:34:15 [simple] INFO: Pipeline got item nodefree.yaml
2025-12-08 04:34:15 [simple] INFO: Pipeline processed nodefree.yaml
2025-12-08 04:34:15 [simple] INFO: Pipeline got item nodefree.yaml
2025-12-08 04:34:15 [simple] INFO: Pipeline processed nodefree.yaml
2025-12-08 04:34:15 [simple] INFO: Pipeline got item nodefree.txt
2025-12-08 04:34:15 [simple] INFO: Pipeline processed nodefree.txt
2025-12-08 04:34:15 [simple] INFO: Pipeline got item nodefree.yaml
2025-12-08 04:34:15 [simple] INFO: Pipeline processed nodefree.yaml
2025-12-08 04:34:15 [simple] INFO: Pipeline got item nodefree.txt
2025-12-08 04:34:15 [simple] INFO: Pipeline processed nodefree.txt
2025-12-08 04:34:15 [simple] INFO: Pipeline got item nodev2ray.yaml
2025-12-08 04:34:19 [simple] INFO: Pipeline processed nodev2ray.yaml
2025-12-08 04:34:19 [simple] INFO: Pipeline got item nodev2ray.yaml
2025-12-08 04:34:22 [simple] INFO: Pipeline processed nodev2ray.yaml
2025-12-08 04:34:22 [simple] INFO: Pipeline got item nodefree.yaml
2025-12-08 04:34:22 [simple] INFO: Pipeline processed nodefree.yaml
2025-12-08 04:34:22 [scrapy.core.engine] INFO: Closing spider (finished)
2025-12-08 04:34:22 [scrapy.statscollectors] INFO: Dumping Scrapy stats:
{'downloader/request_bytes': 30120,
 'downloader/request_count': 74,
 'downloader/request_method_count/GET': 74,
 'downloader/response_bytes': 6809648,
 'downloader/response_count': 74,
 'downloader/response_status_count/200': 71,
 'downloader/response_status_count/301': 3,
 'dupefilter/filtered': 3,
 'elapsed_time_seconds': 13.336812,
 'finish_reason': 'finished',
 'finish_time': datetime.datetime(2025, 12, 8, 4, 34, 22, 269830, tzinfo=datetime.timezone.utc),
 'httpcompression/response_bytes': 1939525,
 'httpcompression/response_count': 44,
 'item_scraped_count': 49,
 'items_per_minute': 226.15384615384613,
 'log_count/INFO': 212,
 'log_count/WARNING': 8,
 'memusage/max': 182206464,
 'memusage/startup': 182206464,
 'request_depth_max': 2,
 'response_received_count': 71,
 'responses_per_minute': 327.6923076923077,
 'scheduler/dequeued': 74,
 'scheduler/dequeued/memory': 74,
 'scheduler/enqueued': 74,
 'scheduler/enqueued/memory': 74,
 'start_time': datetime.datetime(2025, 12, 8, 4, 34, 8, 933018, tzinfo=datetime.timezone.utc)}
2025-12-08 04:34:22 [scrapy.core.engine] INFO: Spider closed (finished)
2025-12-08 04:34:29 [scrapy.addons] INFO: Enabled addons:
[]
2025-12-08 04:34:29 [py.warnings] WARNING: /opt/hostedtoolcache/Python/3.12.12/x64/lib/python3.12/site-packages/scrapy/utils/request.py:120: ScrapyDeprecationWarning: 'REQUEST_FINGERPRINTER_IMPLEMENTATION' is a deprecated setting.
It will be removed in a future version of Scrapy.
  return cls(crawler)

2025-12-08 04:34:29 [scrapy.extensions.telnet] INFO: Telnet Password: 844b50097999e4d3
2025-12-08 04:34:29 [scrapy.middleware] INFO: Enabled extensions:
['scrapy.extensions.corestats.CoreStats',
 'scrapy.extensions.telnet.TelnetConsole',
 'scrapy.extensions.memusage.MemoryUsage',
 'scrapy.extensions.logstats.LogStats']
2025-12-08 04:34:29 [scrapy.crawler] INFO: Overridden settings:
{'BOT_NAME': 'NodeScrapy',
 'FEED_EXPORT_ENCODING': 'utf-8',
 'LOG_FILE': 'scrapy.log',
 'LOG_LEVEL': 'INFO',
 'NEWSPIDER_MODULE': 'NodeScrapy.spiders',
 'REQUEST_FINGERPRINTER_IMPLEMENTATION': '2.7',
 'SPIDER_MODULES': ['NodeScrapy.spiders']}
2025-12-08 04:34:29 [scrapy.middleware] INFO: Enabled downloader middlewares:
['scrapy.downloadermiddlewares.offsite.OffsiteMiddleware',
 'scrapy.downloadermiddlewares.httpauth.HttpAuthMiddleware',
 'scrapy.downloadermiddlewares.downloadtimeout.DownloadTimeoutMiddleware',
 'scrapy.downloadermiddlewares.defaultheaders.DefaultHeadersMiddleware',
 'NodeScrapy.middlewares.RandomUserAgentMiddleware',
 'scrapy.downloadermiddlewares.useragent.UserAgentMiddleware',
 'scrapy.downloadermiddlewares.retry.RetryMiddleware',
 'scrapy.downloadermiddlewares.redirect.MetaRefreshMiddleware',
 'scrapy.downloadermiddlewares.httpcompression.HttpCompressionMiddleware',
 'scrapy.downloadermiddlewares.redirect.RedirectMiddleware',
 'scrapy.downloadermiddlewares.cookies.CookiesMiddleware',
 'scrapy.downloadermiddlewares.httpproxy.HttpProxyMiddleware',
 'scrapy.downloadermiddlewares.stats.DownloaderStats']
2025-12-08 04:34:29 [scrapy.middleware] INFO: Enabled spider middlewares:
['scrapy.spidermiddlewares.start.StartSpiderMiddleware',
 'scrapy.spidermiddlewares.httperror.HttpErrorMiddleware',
 'scrapy.spidermiddlewares.referer.RefererMiddleware',
 'scrapy.spidermiddlewares.urllength.UrlLengthMiddleware',
 'scrapy.spidermiddlewares.depth.DepthMiddleware']
2025-12-08 04:34:29 [scrapy.middleware] INFO: Enabled item pipelines:
['NodeScrapy.pipelines.Pipeline']
2025-12-08 04:34:29 [scrapy.core.engine] INFO: Spider opened
2025-12-08 04:34:29 [py.warnings] WARNING: /opt/hostedtoolcache/Python/3.12.12/x64/lib/python3.12/site-packages/scrapy/core/spidermw.py:433: ScrapyDeprecationWarning: NodeScrapy.spiders.SimpleSpider.SimpleSpider (inherited by NodeScrapy.spiders.DecryptSpider.DecryptSpider) defines the deprecated start_requests() method. start_requests() has been deprecated in favor of a new method, start(), to support asynchronous code execution. start_requests() will stop being called in a future version of Scrapy. If you use Scrapy 2.13 or higher only, replace start_requests() with start(); note that start() is a coroutine (async def). If you need to maintain compatibility with lower Scrapy versions, when overriding start_requests() in a spider class, override start() as well; you can use super() to reuse the inherited start() implementation without copy-pasting. See the release notes of Scrapy 2.13 for details: https://docs.scrapy.org/en/2.13/news.html
  warn(

2025-12-08 04:34:29 [scrapy.extensions.logstats] INFO: Crawled 0 pages (at 0 pages/min), scraped 0 items (at 0 items/min)
2025-12-08 04:34:29 [scrapy.extensions.telnet] INFO: Telnet console listening on 127.0.0.1:6023
2025-12-08 04:34:29 [decrypt] INFO: yudou66 start
2025-12-08 04:34:29 [decrypt] INFO: blues start
2025-12-08 04:34:30 [decrypt] INFO: yudou66 found http://www.yudou6677.top/2025/11/202511301361080p4kv2rayclashsing.html on 2025-11-30
2025-12-08 04:34:30 [decrypt] INFO: yudou66 needs update, accessing http://www.yudou6677.top/2025/12/202512081001080p4kv2rayclashsing.html
2025-12-08 04:34:30 [decrypt] INFO: yudou66 needs update, accessing http://www.yudou6677.top/2025/12/20251207941080p4kv2rayclashsing.html
2025-12-08 04:34:30 [decrypt] INFO: yudou66 needs update, accessing http://www.yudou6677.top/2025/12/202512061581080p4kv2rayclashsing.html
2025-12-08 04:34:30 [decrypt] INFO: blues found https://blues2022.blogspot.com/2025/11/202511304kchatgpt4k8kclashv2ray.html on 2025-11-30
2025-12-08 04:34:30 [decrypt] INFO: blues found https://blues2022.blogspot.com/2025/11/202511294kchatgpt4k8kclashv2ray.html on 2025-11-29
2025-12-08 04:34:30 [decrypt] INFO: blues found https://blues2022.blogspot.com/2025/11/202511284kchatgpt4k8kclashv2ray.html on 2025-11-28
2025-12-08 04:34:30 [decrypt] INFO: blues needs update, accessing https://blues2022.blogspot.com/2025/12/20251274kchatgpt4k8kclashv2ray.html
2025-12-08 04:34:30 [decrypt] INFO: blues needs update, accessing https://blues2022.blogspot.com/2025/12/20251264kchatgpt4k8kclashv2ray.html
2025-12-08 04:34:30 [decrypt] INFO: blues needs update, accessing https://blues2022.blogspot.com/2025/12/20251254kchatgpt4k8kclashv2ray.html
2025-12-08 04:34:32 [decrypt] WARNING: yudou66 6699 got 密碼錯誤
2025-12-08 04:36:32 [scrapy.core.scraper] ERROR: Spider error processing <GET http://www.yudou6677.top/2025/12/20251207941080p4kv2rayclashsing.html?m=1> (referer: None)
Traceback (most recent call last):
  File "/opt/hostedtoolcache/Python/3.12.12/x64/lib/python3.12/site-packages/urllib3/connectionpool.py", line 534, in _make_request
    response = conn.getresponse()
               ^^^^^^^^^^^^^^^^^^
  File "/opt/hostedtoolcache/Python/3.12.12/x64/lib/python3.12/site-packages/urllib3/connection.py", line 571, in getresponse
    httplib_response = super().getresponse()
                       ^^^^^^^^^^^^^^^^^^^^^
  File "/opt/hostedtoolcache/Python/3.12.12/x64/lib/python3.12/http/client.py", line 1430, in getresponse
    response.begin()
  File "/opt/hostedtoolcache/Python/3.12.12/x64/lib/python3.12/http/client.py", line 331, in begin
    version, status, reason = self._read_status()
                              ^^^^^^^^^^^^^^^^^^^
  File "/opt/hostedtoolcache/Python/3.12.12/x64/lib/python3.12/http/client.py", line 292, in _read_status
    line = str(self.fp.readline(_MAXLINE + 1), "iso-8859-1")
               ^^^^^^^^^^^^^^^^^^^^^^^^^^^^^^
  File "/opt/hostedtoolcache/Python/3.12.12/x64/lib/python3.12/socket.py", line 720, in readinto
    return self._sock.recv_into(b)
           ^^^^^^^^^^^^^^^^^^^^^^^
TimeoutError: timed out

The above exception was the direct cause of the following exception:

Traceback (most recent call last):
  File "/opt/hostedtoolcache/Python/3.12.12/x64/lib/python3.12/site-packages/scrapy/utils/defer.py", line 343, in iter_errback
    yield next(it)
          ^^^^^^^^
  File "/opt/hostedtoolcache/Python/3.12.12/x64/lib/python3.12/site-packages/scrapy/utils/python.py", line 369, in __next__
    return next(self.data)
           ^^^^^^^^^^^^^^^
  File "/opt/hostedtoolcache/Python/3.12.12/x64/lib/python3.12/site-packages/scrapy/utils/python.py", line 369, in __next__
    return next(self.data)
           ^^^^^^^^^^^^^^^
  File "/opt/hostedtoolcache/Python/3.12.12/x64/lib/python3.12/site-packages/scrapy/core/spidermw.py", line 167, in process_sync
    yield from iterable
  File "/opt/hostedtoolcache/Python/3.12.12/x64/lib/python3.12/site-packages/scrapy/spidermiddlewares/base.py", line 58, in process_spider_output
    for o in result:
             ^^^^^^
  File "/opt/hostedtoolcache/Python/3.12.12/x64/lib/python3.12/site-packages/scrapy/core/spidermw.py", line 167, in process_sync
    yield from iterable
  File "/opt/hostedtoolcache/Python/3.12.12/x64/lib/python3.12/site-packages/scrapy/spidermiddlewares/base.py", line 58, in process_spider_output
    for o in result:
             ^^^^^^
  File "/opt/hostedtoolcache/Python/3.12.12/x64/lib/python3.12/site-packages/scrapy/core/spidermw.py", line 167, in process_sync
    yield from iterable
  File "/opt/hostedtoolcache/Python/3.12.12/x64/lib/python3.12/site-packages/scrapy/spidermiddlewares/base.py", line 58, in process_spider_output
    for o in result:
             ^^^^^^
  File "/opt/hostedtoolcache/Python/3.12.12/x64/lib/python3.12/site-packages/scrapy/core/spidermw.py", line 167, in process_sync
    yield from iterable
  File "/opt/hostedtoolcache/Python/3.12.12/x64/lib/python3.12/site-packages/scrapy/spidermiddlewares/depth.py", line 59, in process_spider_output
    yield from super().process_spider_output(response, result, spider)
  File "/opt/hostedtoolcache/Python/3.12.12/x64/lib/python3.12/site-packages/scrapy/spidermiddlewares/base.py", line 58, in process_spider_output
    for o in result:
             ^^^^^^
  File "/opt/hostedtoolcache/Python/3.12.12/x64/lib/python3.12/site-packages/scrapy/core/spidermw.py", line 167, in process_sync
    yield from iterable
  File "/home/runner/work/FreeNodes/FreeNodes/NodeScrapy/spiders/DecryptSpider.py", line 97, in parse_blog
    ok, msg = self._decrypt(response.url, method, pwd)
              ^^^^^^^^^^^^^^^^^^^^^^^^^^^^^^^^^^^^^^^^
  File "/home/runner/work/FreeNodes/FreeNodes/NodeScrapy/spiders/DecryptSpider.py", line 46, in _decrypt
    self.driver.get(url)
  File "/opt/hostedtoolcache/Python/3.12.12/x64/lib/python3.12/site-packages/selenium/webdriver/remote/webdriver.py", line 452, in get
    self.execute(Command.GET, {"url": url})
  File "/opt/hostedtoolcache/Python/3.12.12/x64/lib/python3.12/site-packages/selenium/webdriver/remote/webdriver.py", line 429, in execute
    response = cast(RemoteConnection, self.command_executor).execute(driver_command, params)
               ^^^^^^^^^^^^^^^^^^^^^^^^^^^^^^^^^^^^^^^^^^^^^^^^^^^^^^^^^^^^^^^^^^^^^^^^^^^^^
  File "/opt/hostedtoolcache/Python/3.12.12/x64/lib/python3.12/site-packages/selenium/webdriver/remote/remote_connection.py", line 405, in execute
    return self._request(command_info[0], url, body=data)
           ^^^^^^^^^^^^^^^^^^^^^^^^^^^^^^^^^^^^^^^^^^^^^^
  File "/opt/hostedtoolcache/Python/3.12.12/x64/lib/python3.12/site-packages/selenium/webdriver/remote/remote_connection.py", line 429, in _request
    response = self._conn.request(method, url, body=body, headers=headers, timeout=self._client_config.timeout)
               ^^^^^^^^^^^^^^^^^^^^^^^^^^^^^^^^^^^^^^^^^^^^^^^^^^^^^^^^^^^^^^^^^^^^^^^^^^^^^^^^^^^^^^^^^^^^^^^^
  File "/opt/hostedtoolcache/Python/3.12.12/x64/lib/python3.12/site-packages/urllib3/_request_methods.py", line 143, in request
    return self.request_encode_body(
           ^^^^^^^^^^^^^^^^^^^^^^^^^
  File "/opt/hostedtoolcache/Python/3.12.12/x64/lib/python3.12/site-packages/urllib3/_request_methods.py", line 278, in request_encode_body
    return self.urlopen(method, url, **extra_kw)
           ^^^^^^^^^^^^^^^^^^^^^^^^^^^^^^^^^^^^^
  File "/opt/hostedtoolcache/Python/3.12.12/x64/lib/python3.12/site-packages/urllib3/poolmanager.py", line 457, in urlopen
    response = conn.urlopen(method, u.request_uri, **kw)
               ^^^^^^^^^^^^^^^^^^^^^^^^^^^^^^^^^^^^^^^^^
  File "/opt/hostedtoolcache/Python/3.12.12/x64/lib/python3.12/site-packages/urllib3/connectionpool.py", line 841, in urlopen
    retries = retries.increment(
              ^^^^^^^^^^^^^^^^^^
  File "/opt/hostedtoolcache/Python/3.12.12/x64/lib/python3.12/site-packages/urllib3/util/retry.py", line 474, in increment
    raise reraise(type(error), error, _stacktrace)
          ^^^^^^^^^^^^^^^^^^^^^^^^^^^^^^^^^^^^^^^^
  File "/opt/hostedtoolcache/Python/3.12.12/x64/lib/python3.12/site-packages/urllib3/util/util.py", line 39, in reraise
    raise value
  File "/opt/hostedtoolcache/Python/3.12.12/x64/lib/python3.12/site-packages/urllib3/connectionpool.py", line 787, in urlopen
    response = self._make_request(
               ^^^^^^^^^^^^^^^^^^^
  File "/opt/hostedtoolcache/Python/3.12.12/x64/lib/python3.12/site-packages/urllib3/connectionpool.py", line 536, in _make_request
    self._raise_timeout(err=e, url=url, timeout_value=read_timeout)
  File "/opt/hostedtoolcache/Python/3.12.12/x64/lib/python3.12/site-packages/urllib3/connectionpool.py", line 367, in _raise_timeout
    raise ReadTimeoutError(
urllib3.exceptions.ReadTimeoutError: HTTPConnectionPool(host='localhost', port=36779): Read timed out. (read timeout=120)
2025-12-08 04:36:32 [scrapy.extensions.logstats] INFO: Crawled 8 pages (at 8 pages/min), scraped 0 items (at 0 items/min)
2025-12-08 04:36:32 [decrypt] INFO: yudou66 found https://yy.yudou66.top/202512/20251206br3ase.txt
2025-12-08 04:38:32 [scrapy.core.scraper] ERROR: Spider error processing <GET https://blues2022.blogspot.com/2025/12/20251264kchatgpt4k8kclashv2ray.html?m=1> (referer: https://blues2022.blogspot.com/?m=1)
Traceback (most recent call last):
  File "/opt/hostedtoolcache/Python/3.12.12/x64/lib/python3.12/site-packages/urllib3/connectionpool.py", line 534, in _make_request
    response = conn.getresponse()
               ^^^^^^^^^^^^^^^^^^
  File "/opt/hostedtoolcache/Python/3.12.12/x64/lib/python3.12/site-packages/urllib3/connection.py", line 571, in getresponse
    httplib_response = super().getresponse()
                       ^^^^^^^^^^^^^^^^^^^^^
  File "/opt/hostedtoolcache/Python/3.12.12/x64/lib/python3.12/http/client.py", line 1430, in getresponse
    response.begin()
  File "/opt/hostedtoolcache/Python/3.12.12/x64/lib/python3.12/http/client.py", line 331, in begin
    version, status, reason = self._read_status()
                              ^^^^^^^^^^^^^^^^^^^
  File "/opt/hostedtoolcache/Python/3.12.12/x64/lib/python3.12/http/client.py", line 292, in _read_status
    line = str(self.fp.readline(_MAXLINE + 1), "iso-8859-1")
               ^^^^^^^^^^^^^^^^^^^^^^^^^^^^^^
  File "/opt/hostedtoolcache/Python/3.12.12/x64/lib/python3.12/socket.py", line 720, in readinto
    return self._sock.recv_into(b)
           ^^^^^^^^^^^^^^^^^^^^^^^
TimeoutError: timed out

The above exception was the direct cause of the following exception:

Traceback (most recent call last):
  File "/opt/hostedtoolcache/Python/3.12.12/x64/lib/python3.12/site-packages/scrapy/utils/defer.py", line 343, in iter_errback
    yield next(it)
          ^^^^^^^^
  File "/opt/hostedtoolcache/Python/3.12.12/x64/lib/python3.12/site-packages/scrapy/utils/python.py", line 369, in __next__
    return next(self.data)
           ^^^^^^^^^^^^^^^
  File "/opt/hostedtoolcache/Python/3.12.12/x64/lib/python3.12/site-packages/scrapy/utils/python.py", line 369, in __next__
    return next(self.data)
           ^^^^^^^^^^^^^^^
  File "/opt/hostedtoolcache/Python/3.12.12/x64/lib/python3.12/site-packages/scrapy/core/spidermw.py", line 167, in process_sync
    yield from iterable
  File "/opt/hostedtoolcache/Python/3.12.12/x64/lib/python3.12/site-packages/scrapy/spidermiddlewares/base.py", line 58, in process_spider_output
    for o in result:
             ^^^^^^
  File "/opt/hostedtoolcache/Python/3.12.12/x64/lib/python3.12/site-packages/scrapy/core/spidermw.py", line 167, in process_sync
    yield from iterable
  File "/opt/hostedtoolcache/Python/3.12.12/x64/lib/python3.12/site-packages/scrapy/spidermiddlewares/base.py", line 58, in process_spider_output
    for o in result:
             ^^^^^^
  File "/opt/hostedtoolcache/Python/3.12.12/x64/lib/python3.12/site-packages/scrapy/core/spidermw.py", line 167, in process_sync
    yield from iterable
  File "/opt/hostedtoolcache/Python/3.12.12/x64/lib/python3.12/site-packages/scrapy/spidermiddlewares/base.py", line 58, in process_spider_output
    for o in result:
             ^^^^^^
  File "/opt/hostedtoolcache/Python/3.12.12/x64/lib/python3.12/site-packages/scrapy/core/spidermw.py", line 167, in process_sync
    yield from iterable
  File "/opt/hostedtoolcache/Python/3.12.12/x64/lib/python3.12/site-packages/scrapy/spidermiddlewares/depth.py", line 59, in process_spider_output
    yield from super().process_spider_output(response, result, spider)
  File "/opt/hostedtoolcache/Python/3.12.12/x64/lib/python3.12/site-packages/scrapy/spidermiddlewares/base.py", line 58, in process_spider_output
    for o in result:
             ^^^^^^
  File "/opt/hostedtoolcache/Python/3.12.12/x64/lib/python3.12/site-packages/scrapy/core/spidermw.py", line 167, in process_sync
    yield from iterable
  File "/home/runner/work/FreeNodes/FreeNodes/NodeScrapy/spiders/DecryptSpider.py", line 97, in parse_blog
    ok, msg = self._decrypt(response.url, method, pwd)
              ^^^^^^^^^^^^^^^^^^^^^^^^^^^^^^^^^^^^^^^^
  File "/home/runner/work/FreeNodes/FreeNodes/NodeScrapy/spiders/DecryptSpider.py", line 46, in _decrypt
    self.driver.get(url)
  File "/opt/hostedtoolcache/Python/3.12.12/x64/lib/python3.12/site-packages/selenium/webdriver/remote/webdriver.py", line 452, in get
    self.execute(Command.GET, {"url": url})
  File "/opt/hostedtoolcache/Python/3.12.12/x64/lib/python3.12/site-packages/selenium/webdriver/remote/webdriver.py", line 429, in execute
    response = cast(RemoteConnection, self.command_executor).execute(driver_command, params)
               ^^^^^^^^^^^^^^^^^^^^^^^^^^^^^^^^^^^^^^^^^^^^^^^^^^^^^^^^^^^^^^^^^^^^^^^^^^^^^
  File "/opt/hostedtoolcache/Python/3.12.12/x64/lib/python3.12/site-packages/selenium/webdriver/remote/remote_connection.py", line 405, in execute
    return self._request(command_info[0], url, body=data)
           ^^^^^^^^^^^^^^^^^^^^^^^^^^^^^^^^^^^^^^^^^^^^^^
  File "/opt/hostedtoolcache/Python/3.12.12/x64/lib/python3.12/site-packages/selenium/webdriver/remote/remote_connection.py", line 429, in _request
    response = self._conn.request(method, url, body=body, headers=headers, timeout=self._client_config.timeout)
               ^^^^^^^^^^^^^^^^^^^^^^^^^^^^^^^^^^^^^^^^^^^^^^^^^^^^^^^^^^^^^^^^^^^^^^^^^^^^^^^^^^^^^^^^^^^^^^^^
  File "/opt/hostedtoolcache/Python/3.12.12/x64/lib/python3.12/site-packages/urllib3/_request_methods.py", line 143, in request
    return self.request_encode_body(
           ^^^^^^^^^^^^^^^^^^^^^^^^^
  File "/opt/hostedtoolcache/Python/3.12.12/x64/lib/python3.12/site-packages/urllib3/_request_methods.py", line 278, in request_encode_body
    return self.urlopen(method, url, **extra_kw)
           ^^^^^^^^^^^^^^^^^^^^^^^^^^^^^^^^^^^^^
  File "/opt/hostedtoolcache/Python/3.12.12/x64/lib/python3.12/site-packages/urllib3/poolmanager.py", line 457, in urlopen
    response = conn.urlopen(method, u.request_uri, **kw)
               ^^^^^^^^^^^^^^^^^^^^^^^^^^^^^^^^^^^^^^^^^
  File "/opt/hostedtoolcache/Python/3.12.12/x64/lib/python3.12/site-packages/urllib3/connectionpool.py", line 841, in urlopen
    retries = retries.increment(
              ^^^^^^^^^^^^^^^^^^
  File "/opt/hostedtoolcache/Python/3.12.12/x64/lib/python3.12/site-packages/urllib3/util/retry.py", line 474, in increment
    raise reraise(type(error), error, _stacktrace)
          ^^^^^^^^^^^^^^^^^^^^^^^^^^^^^^^^^^^^^^^^
  File "/opt/hostedtoolcache/Python/3.12.12/x64/lib/python3.12/site-packages/urllib3/util/util.py", line 39, in reraise
    raise value
  File "/opt/hostedtoolcache/Python/3.12.12/x64/lib/python3.12/site-packages/urllib3/connectionpool.py", line 787, in urlopen
    response = self._make_request(
               ^^^^^^^^^^^^^^^^^^^
  File "/opt/hostedtoolcache/Python/3.12.12/x64/lib/python3.12/site-packages/urllib3/connectionpool.py", line 536, in _make_request
    self._raise_timeout(err=e, url=url, timeout_value=read_timeout)
  File "/opt/hostedtoolcache/Python/3.12.12/x64/lib/python3.12/site-packages/urllib3/connectionpool.py", line 367, in _raise_timeout
    raise ReadTimeoutError(
urllib3.exceptions.ReadTimeoutError: HTTPConnectionPool(host='localhost', port=36779): Read timed out. (read timeout=120)
2025-12-08 04:40:32 [scrapy.core.scraper] ERROR: Spider error processing <GET http://www.yudou6677.top/2025/12/202512081001080p4kv2rayclashsing.html?m=1> (referer: None)
Traceback (most recent call last):
  File "/opt/hostedtoolcache/Python/3.12.12/x64/lib/python3.12/site-packages/urllib3/connectionpool.py", line 534, in _make_request
    response = conn.getresponse()
               ^^^^^^^^^^^^^^^^^^
  File "/opt/hostedtoolcache/Python/3.12.12/x64/lib/python3.12/site-packages/urllib3/connection.py", line 571, in getresponse
    httplib_response = super().getresponse()
                       ^^^^^^^^^^^^^^^^^^^^^
  File "/opt/hostedtoolcache/Python/3.12.12/x64/lib/python3.12/http/client.py", line 1430, in getresponse
    response.begin()
  File "/opt/hostedtoolcache/Python/3.12.12/x64/lib/python3.12/http/client.py", line 331, in begin
    version, status, reason = self._read_status()
                              ^^^^^^^^^^^^^^^^^^^
  File "/opt/hostedtoolcache/Python/3.12.12/x64/lib/python3.12/http/client.py", line 292, in _read_status
    line = str(self.fp.readline(_MAXLINE + 1), "iso-8859-1")
               ^^^^^^^^^^^^^^^^^^^^^^^^^^^^^^
  File "/opt/hostedtoolcache/Python/3.12.12/x64/lib/python3.12/socket.py", line 720, in readinto
    return self._sock.recv_into(b)
           ^^^^^^^^^^^^^^^^^^^^^^^
TimeoutError: timed out

The above exception was the direct cause of the following exception:

Traceback (most recent call last):
  File "/opt/hostedtoolcache/Python/3.12.12/x64/lib/python3.12/site-packages/scrapy/utils/defer.py", line 343, in iter_errback
    yield next(it)
          ^^^^^^^^
  File "/opt/hostedtoolcache/Python/3.12.12/x64/lib/python3.12/site-packages/scrapy/utils/python.py", line 369, in __next__
    return next(self.data)
           ^^^^^^^^^^^^^^^
  File "/opt/hostedtoolcache/Python/3.12.12/x64/lib/python3.12/site-packages/scrapy/utils/python.py", line 369, in __next__
    return next(self.data)
           ^^^^^^^^^^^^^^^
  File "/opt/hostedtoolcache/Python/3.12.12/x64/lib/python3.12/site-packages/scrapy/core/spidermw.py", line 167, in process_sync
    yield from iterable
  File "/opt/hostedtoolcache/Python/3.12.12/x64/lib/python3.12/site-packages/scrapy/spidermiddlewares/base.py", line 58, in process_spider_output
    for o in result:
             ^^^^^^
  File "/opt/hostedtoolcache/Python/3.12.12/x64/lib/python3.12/site-packages/scrapy/core/spidermw.py", line 167, in process_sync
    yield from iterable
  File "/opt/hostedtoolcache/Python/3.12.12/x64/lib/python3.12/site-packages/scrapy/spidermiddlewares/base.py", line 58, in process_spider_output
    for o in result:
             ^^^^^^
  File "/opt/hostedtoolcache/Python/3.12.12/x64/lib/python3.12/site-packages/scrapy/core/spidermw.py", line 167, in process_sync
    yield from iterable
  File "/opt/hostedtoolcache/Python/3.12.12/x64/lib/python3.12/site-packages/scrapy/spidermiddlewares/base.py", line 58, in process_spider_output
    for o in result:
             ^^^^^^
  File "/opt/hostedtoolcache/Python/3.12.12/x64/lib/python3.12/site-packages/scrapy/core/spidermw.py", line 167, in process_sync
    yield from iterable
  File "/opt/hostedtoolcache/Python/3.12.12/x64/lib/python3.12/site-packages/scrapy/spidermiddlewares/depth.py", line 59, in process_spider_output
    yield from super().process_spider_output(response, result, spider)
  File "/opt/hostedtoolcache/Python/3.12.12/x64/lib/python3.12/site-packages/scrapy/spidermiddlewares/base.py", line 58, in process_spider_output
    for o in result:
             ^^^^^^
  File "/opt/hostedtoolcache/Python/3.12.12/x64/lib/python3.12/site-packages/scrapy/core/spidermw.py", line 167, in process_sync
    yield from iterable
  File "/home/runner/work/FreeNodes/FreeNodes/NodeScrapy/spiders/DecryptSpider.py", line 97, in parse_blog
    ok, msg = self._decrypt(response.url, method, pwd)
              ^^^^^^^^^^^^^^^^^^^^^^^^^^^^^^^^^^^^^^^^
  File "/home/runner/work/FreeNodes/FreeNodes/NodeScrapy/spiders/DecryptSpider.py", line 46, in _decrypt
    self.driver.get(url)
  File "/opt/hostedtoolcache/Python/3.12.12/x64/lib/python3.12/site-packages/selenium/webdriver/remote/webdriver.py", line 452, in get
    self.execute(Command.GET, {"url": url})
  File "/opt/hostedtoolcache/Python/3.12.12/x64/lib/python3.12/site-packages/selenium/webdriver/remote/webdriver.py", line 429, in execute
    response = cast(RemoteConnection, self.command_executor).execute(driver_command, params)
               ^^^^^^^^^^^^^^^^^^^^^^^^^^^^^^^^^^^^^^^^^^^^^^^^^^^^^^^^^^^^^^^^^^^^^^^^^^^^^
  File "/opt/hostedtoolcache/Python/3.12.12/x64/lib/python3.12/site-packages/selenium/webdriver/remote/remote_connection.py", line 405, in execute
    return self._request(command_info[0], url, body=data)
           ^^^^^^^^^^^^^^^^^^^^^^^^^^^^^^^^^^^^^^^^^^^^^^
  File "/opt/hostedtoolcache/Python/3.12.12/x64/lib/python3.12/site-packages/selenium/webdriver/remote/remote_connection.py", line 429, in _request
    response = self._conn.request(method, url, body=body, headers=headers, timeout=self._client_config.timeout)
               ^^^^^^^^^^^^^^^^^^^^^^^^^^^^^^^^^^^^^^^^^^^^^^^^^^^^^^^^^^^^^^^^^^^^^^^^^^^^^^^^^^^^^^^^^^^^^^^^
  File "/opt/hostedtoolcache/Python/3.12.12/x64/lib/python3.12/site-packages/urllib3/_request_methods.py", line 143, in request
    return self.request_encode_body(
           ^^^^^^^^^^^^^^^^^^^^^^^^^
  File "/opt/hostedtoolcache/Python/3.12.12/x64/lib/python3.12/site-packages/urllib3/_request_methods.py", line 278, in request_encode_body
    return self.urlopen(method, url, **extra_kw)
           ^^^^^^^^^^^^^^^^^^^^^^^^^^^^^^^^^^^^^
  File "/opt/hostedtoolcache/Python/3.12.12/x64/lib/python3.12/site-packages/urllib3/poolmanager.py", line 457, in urlopen
    response = conn.urlopen(method, u.request_uri, **kw)
               ^^^^^^^^^^^^^^^^^^^^^^^^^^^^^^^^^^^^^^^^^
  File "/opt/hostedtoolcache/Python/3.12.12/x64/lib/python3.12/site-packages/urllib3/connectionpool.py", line 841, in urlopen
    retries = retries.increment(
              ^^^^^^^^^^^^^^^^^^
  File "/opt/hostedtoolcache/Python/3.12.12/x64/lib/python3.12/site-packages/urllib3/util/retry.py", line 474, in increment
    raise reraise(type(error), error, _stacktrace)
          ^^^^^^^^^^^^^^^^^^^^^^^^^^^^^^^^^^^^^^^^
  File "/opt/hostedtoolcache/Python/3.12.12/x64/lib/python3.12/site-packages/urllib3/util/util.py", line 39, in reraise
    raise value
  File "/opt/hostedtoolcache/Python/3.12.12/x64/lib/python3.12/site-packages/urllib3/connectionpool.py", line 787, in urlopen
    response = self._make_request(
               ^^^^^^^^^^^^^^^^^^^
  File "/opt/hostedtoolcache/Python/3.12.12/x64/lib/python3.12/site-packages/urllib3/connectionpool.py", line 536, in _make_request
    self._raise_timeout(err=e, url=url, timeout_value=read_timeout)
  File "/opt/hostedtoolcache/Python/3.12.12/x64/lib/python3.12/site-packages/urllib3/connectionpool.py", line 367, in _raise_timeout
    raise ReadTimeoutError(
urllib3.exceptions.ReadTimeoutError: HTTPConnectionPool(host='localhost', port=36779): Read timed out. (read timeout=120)
2025-12-08 04:42:32 [scrapy.core.scraper] ERROR: Spider error processing <GET https://blues2022.blogspot.com/2025/12/20251274kchatgpt4k8kclashv2ray.html?m=1> (referer: https://blues2022.blogspot.com/?m=1)
Traceback (most recent call last):
  File "/opt/hostedtoolcache/Python/3.12.12/x64/lib/python3.12/site-packages/urllib3/connectionpool.py", line 534, in _make_request
    response = conn.getresponse()
               ^^^^^^^^^^^^^^^^^^
  File "/opt/hostedtoolcache/Python/3.12.12/x64/lib/python3.12/site-packages/urllib3/connection.py", line 571, in getresponse
    httplib_response = super().getresponse()
                       ^^^^^^^^^^^^^^^^^^^^^
  File "/opt/hostedtoolcache/Python/3.12.12/x64/lib/python3.12/http/client.py", line 1430, in getresponse
    response.begin()
  File "/opt/hostedtoolcache/Python/3.12.12/x64/lib/python3.12/http/client.py", line 331, in begin
    version, status, reason = self._read_status()
                              ^^^^^^^^^^^^^^^^^^^
  File "/opt/hostedtoolcache/Python/3.12.12/x64/lib/python3.12/http/client.py", line 292, in _read_status
    line = str(self.fp.readline(_MAXLINE + 1), "iso-8859-1")
               ^^^^^^^^^^^^^^^^^^^^^^^^^^^^^^
  File "/opt/hostedtoolcache/Python/3.12.12/x64/lib/python3.12/socket.py", line 720, in readinto
    return self._sock.recv_into(b)
           ^^^^^^^^^^^^^^^^^^^^^^^
TimeoutError: timed out

The above exception was the direct cause of the following exception:

Traceback (most recent call last):
  File "/opt/hostedtoolcache/Python/3.12.12/x64/lib/python3.12/site-packages/scrapy/utils/defer.py", line 343, in iter_errback
    yield next(it)
          ^^^^^^^^
  File "/opt/hostedtoolcache/Python/3.12.12/x64/lib/python3.12/site-packages/scrapy/utils/python.py", line 369, in __next__
    return next(self.data)
           ^^^^^^^^^^^^^^^
  File "/opt/hostedtoolcache/Python/3.12.12/x64/lib/python3.12/site-packages/scrapy/utils/python.py", line 369, in __next__
    return next(self.data)
           ^^^^^^^^^^^^^^^
  File "/opt/hostedtoolcache/Python/3.12.12/x64/lib/python3.12/site-packages/scrapy/core/spidermw.py", line 167, in process_sync
    yield from iterable
  File "/opt/hostedtoolcache/Python/3.12.12/x64/lib/python3.12/site-packages/scrapy/spidermiddlewares/base.py", line 58, in process_spider_output
    for o in result:
             ^^^^^^
  File "/opt/hostedtoolcache/Python/3.12.12/x64/lib/python3.12/site-packages/scrapy/core/spidermw.py", line 167, in process_sync
    yield from iterable
  File "/opt/hostedtoolcache/Python/3.12.12/x64/lib/python3.12/site-packages/scrapy/spidermiddlewares/base.py", line 58, in process_spider_output
    for o in result:
             ^^^^^^
  File "/opt/hostedtoolcache/Python/3.12.12/x64/lib/python3.12/site-packages/scrapy/core/spidermw.py", line 167, in process_sync
    yield from iterable
  File "/opt/hostedtoolcache/Python/3.12.12/x64/lib/python3.12/site-packages/scrapy/spidermiddlewares/base.py", line 58, in process_spider_output
    for o in result:
             ^^^^^^
  File "/opt/hostedtoolcache/Python/3.12.12/x64/lib/python3.12/site-packages/scrapy/core/spidermw.py", line 167, in process_sync
    yield from iterable
  File "/opt/hostedtoolcache/Python/3.12.12/x64/lib/python3.12/site-packages/scrapy/spidermiddlewares/depth.py", line 59, in process_spider_output
    yield from super().process_spider_output(response, result, spider)
  File "/opt/hostedtoolcache/Python/3.12.12/x64/lib/python3.12/site-packages/scrapy/spidermiddlewares/base.py", line 58, in process_spider_output
    for o in result:
             ^^^^^^
  File "/opt/hostedtoolcache/Python/3.12.12/x64/lib/python3.12/site-packages/scrapy/core/spidermw.py", line 167, in process_sync
    yield from iterable
  File "/home/runner/work/FreeNodes/FreeNodes/NodeScrapy/spiders/DecryptSpider.py", line 97, in parse_blog
    ok, msg = self._decrypt(response.url, method, pwd)
              ^^^^^^^^^^^^^^^^^^^^^^^^^^^^^^^^^^^^^^^^
  File "/home/runner/work/FreeNodes/FreeNodes/NodeScrapy/spiders/DecryptSpider.py", line 46, in _decrypt
    self.driver.get(url)
  File "/opt/hostedtoolcache/Python/3.12.12/x64/lib/python3.12/site-packages/selenium/webdriver/remote/webdriver.py", line 452, in get
    self.execute(Command.GET, {"url": url})
  File "/opt/hostedtoolcache/Python/3.12.12/x64/lib/python3.12/site-packages/selenium/webdriver/remote/webdriver.py", line 429, in execute
    response = cast(RemoteConnection, self.command_executor).execute(driver_command, params)
               ^^^^^^^^^^^^^^^^^^^^^^^^^^^^^^^^^^^^^^^^^^^^^^^^^^^^^^^^^^^^^^^^^^^^^^^^^^^^^
  File "/opt/hostedtoolcache/Python/3.12.12/x64/lib/python3.12/site-packages/selenium/webdriver/remote/remote_connection.py", line 405, in execute
    return self._request(command_info[0], url, body=data)
           ^^^^^^^^^^^^^^^^^^^^^^^^^^^^^^^^^^^^^^^^^^^^^^
  File "/opt/hostedtoolcache/Python/3.12.12/x64/lib/python3.12/site-packages/selenium/webdriver/remote/remote_connection.py", line 429, in _request
    response = self._conn.request(method, url, body=body, headers=headers, timeout=self._client_config.timeout)
               ^^^^^^^^^^^^^^^^^^^^^^^^^^^^^^^^^^^^^^^^^^^^^^^^^^^^^^^^^^^^^^^^^^^^^^^^^^^^^^^^^^^^^^^^^^^^^^^^
  File "/opt/hostedtoolcache/Python/3.12.12/x64/lib/python3.12/site-packages/urllib3/_request_methods.py", line 143, in request
    return self.request_encode_body(
           ^^^^^^^^^^^^^^^^^^^^^^^^^
  File "/opt/hostedtoolcache/Python/3.12.12/x64/lib/python3.12/site-packages/urllib3/_request_methods.py", line 278, in request_encode_body
    return self.urlopen(method, url, **extra_kw)
           ^^^^^^^^^^^^^^^^^^^^^^^^^^^^^^^^^^^^^
  File "/opt/hostedtoolcache/Python/3.12.12/x64/lib/python3.12/site-packages/urllib3/poolmanager.py", line 457, in urlopen
    response = conn.urlopen(method, u.request_uri, **kw)
               ^^^^^^^^^^^^^^^^^^^^^^^^^^^^^^^^^^^^^^^^^
  File "/opt/hostedtoolcache/Python/3.12.12/x64/lib/python3.12/site-packages/urllib3/connectionpool.py", line 841, in urlopen
    retries = retries.increment(
              ^^^^^^^^^^^^^^^^^^
  File "/opt/hostedtoolcache/Python/3.12.12/x64/lib/python3.12/site-packages/urllib3/util/retry.py", line 474, in increment
    raise reraise(type(error), error, _stacktrace)
          ^^^^^^^^^^^^^^^^^^^^^^^^^^^^^^^^^^^^^^^^
  File "/opt/hostedtoolcache/Python/3.12.12/x64/lib/python3.12/site-packages/urllib3/util/util.py", line 39, in reraise
    raise value
  File "/opt/hostedtoolcache/Python/3.12.12/x64/lib/python3.12/site-packages/urllib3/connectionpool.py", line 787, in urlopen
    response = self._make_request(
               ^^^^^^^^^^^^^^^^^^^
  File "/opt/hostedtoolcache/Python/3.12.12/x64/lib/python3.12/site-packages/urllib3/connectionpool.py", line 536, in _make_request
    self._raise_timeout(err=e, url=url, timeout_value=read_timeout)
  File "/opt/hostedtoolcache/Python/3.12.12/x64/lib/python3.12/site-packages/urllib3/connectionpool.py", line 367, in _raise_timeout
    raise ReadTimeoutError(
urllib3.exceptions.ReadTimeoutError: HTTPConnectionPool(host='localhost', port=36779): Read timed out. (read timeout=120)
2025-12-08 04:44:32 [scrapy.core.scraper] ERROR: Spider error processing <GET https://blues2022.blogspot.com/2025/12/20251254kchatgpt4k8kclashv2ray.html?m=1> (referer: https://blues2022.blogspot.com/?m=1)
Traceback (most recent call last):
  File "/opt/hostedtoolcache/Python/3.12.12/x64/lib/python3.12/site-packages/urllib3/connectionpool.py", line 534, in _make_request
    response = conn.getresponse()
               ^^^^^^^^^^^^^^^^^^
  File "/opt/hostedtoolcache/Python/3.12.12/x64/lib/python3.12/site-packages/urllib3/connection.py", line 571, in getresponse
    httplib_response = super().getresponse()
                       ^^^^^^^^^^^^^^^^^^^^^
  File "/opt/hostedtoolcache/Python/3.12.12/x64/lib/python3.12/http/client.py", line 1430, in getresponse
    response.begin()
  File "/opt/hostedtoolcache/Python/3.12.12/x64/lib/python3.12/http/client.py", line 331, in begin
    version, status, reason = self._read_status()
                              ^^^^^^^^^^^^^^^^^^^
  File "/opt/hostedtoolcache/Python/3.12.12/x64/lib/python3.12/http/client.py", line 292, in _read_status
    line = str(self.fp.readline(_MAXLINE + 1), "iso-8859-1")
               ^^^^^^^^^^^^^^^^^^^^^^^^^^^^^^
  File "/opt/hostedtoolcache/Python/3.12.12/x64/lib/python3.12/socket.py", line 720, in readinto
    return self._sock.recv_into(b)
           ^^^^^^^^^^^^^^^^^^^^^^^
TimeoutError: timed out

The above exception was the direct cause of the following exception:

Traceback (most recent call last):
  File "/opt/hostedtoolcache/Python/3.12.12/x64/lib/python3.12/site-packages/scrapy/utils/defer.py", line 343, in iter_errback
    yield next(it)
          ^^^^^^^^
  File "/opt/hostedtoolcache/Python/3.12.12/x64/lib/python3.12/site-packages/scrapy/utils/python.py", line 369, in __next__
    return next(self.data)
           ^^^^^^^^^^^^^^^
  File "/opt/hostedtoolcache/Python/3.12.12/x64/lib/python3.12/site-packages/scrapy/utils/python.py", line 369, in __next__
    return next(self.data)
           ^^^^^^^^^^^^^^^
  File "/opt/hostedtoolcache/Python/3.12.12/x64/lib/python3.12/site-packages/scrapy/core/spidermw.py", line 167, in process_sync
    yield from iterable
  File "/opt/hostedtoolcache/Python/3.12.12/x64/lib/python3.12/site-packages/scrapy/spidermiddlewares/base.py", line 58, in process_spider_output
    for o in result:
             ^^^^^^
  File "/opt/hostedtoolcache/Python/3.12.12/x64/lib/python3.12/site-packages/scrapy/core/spidermw.py", line 167, in process_sync
    yield from iterable
  File "/opt/hostedtoolcache/Python/3.12.12/x64/lib/python3.12/site-packages/scrapy/spidermiddlewares/base.py", line 58, in process_spider_output
    for o in result:
             ^^^^^^
  File "/opt/hostedtoolcache/Python/3.12.12/x64/lib/python3.12/site-packages/scrapy/core/spidermw.py", line 167, in process_sync
    yield from iterable
  File "/opt/hostedtoolcache/Python/3.12.12/x64/lib/python3.12/site-packages/scrapy/spidermiddlewares/base.py", line 58, in process_spider_output
    for o in result:
             ^^^^^^
  File "/opt/hostedtoolcache/Python/3.12.12/x64/lib/python3.12/site-packages/scrapy/core/spidermw.py", line 167, in process_sync
    yield from iterable
  File "/opt/hostedtoolcache/Python/3.12.12/x64/lib/python3.12/site-packages/scrapy/spidermiddlewares/depth.py", line 59, in process_spider_output
    yield from super().process_spider_output(response, result, spider)
  File "/opt/hostedtoolcache/Python/3.12.12/x64/lib/python3.12/site-packages/scrapy/spidermiddlewares/base.py", line 58, in process_spider_output
    for o in result:
             ^^^^^^
  File "/opt/hostedtoolcache/Python/3.12.12/x64/lib/python3.12/site-packages/scrapy/core/spidermw.py", line 167, in process_sync
    yield from iterable
  File "/home/runner/work/FreeNodes/FreeNodes/NodeScrapy/spiders/DecryptSpider.py", line 97, in parse_blog
    ok, msg = self._decrypt(response.url, method, pwd)
              ^^^^^^^^^^^^^^^^^^^^^^^^^^^^^^^^^^^^^^^^
  File "/home/runner/work/FreeNodes/FreeNodes/NodeScrapy/spiders/DecryptSpider.py", line 46, in _decrypt
    self.driver.get(url)
  File "/opt/hostedtoolcache/Python/3.12.12/x64/lib/python3.12/site-packages/selenium/webdriver/remote/webdriver.py", line 452, in get
    self.execute(Command.GET, {"url": url})
  File "/opt/hostedtoolcache/Python/3.12.12/x64/lib/python3.12/site-packages/selenium/webdriver/remote/webdriver.py", line 429, in execute
    response = cast(RemoteConnection, self.command_executor).execute(driver_command, params)
               ^^^^^^^^^^^^^^^^^^^^^^^^^^^^^^^^^^^^^^^^^^^^^^^^^^^^^^^^^^^^^^^^^^^^^^^^^^^^^
  File "/opt/hostedtoolcache/Python/3.12.12/x64/lib/python3.12/site-packages/selenium/webdriver/remote/remote_connection.py", line 405, in execute
    return self._request(command_info[0], url, body=data)
           ^^^^^^^^^^^^^^^^^^^^^^^^^^^^^^^^^^^^^^^^^^^^^^
  File "/opt/hostedtoolcache/Python/3.12.12/x64/lib/python3.12/site-packages/selenium/webdriver/remote/remote_connection.py", line 429, in _request
    response = self._conn.request(method, url, body=body, headers=headers, timeout=self._client_config.timeout)
               ^^^^^^^^^^^^^^^^^^^^^^^^^^^^^^^^^^^^^^^^^^^^^^^^^^^^^^^^^^^^^^^^^^^^^^^^^^^^^^^^^^^^^^^^^^^^^^^^
  File "/opt/hostedtoolcache/Python/3.12.12/x64/lib/python3.12/site-packages/urllib3/_request_methods.py", line 143, in request
    return self.request_encode_body(
           ^^^^^^^^^^^^^^^^^^^^^^^^^
  File "/opt/hostedtoolcache/Python/3.12.12/x64/lib/python3.12/site-packages/urllib3/_request_methods.py", line 278, in request_encode_body
    return self.urlopen(method, url, **extra_kw)
           ^^^^^^^^^^^^^^^^^^^^^^^^^^^^^^^^^^^^^
  File "/opt/hostedtoolcache/Python/3.12.12/x64/lib/python3.12/site-packages/urllib3/poolmanager.py", line 457, in urlopen
    response = conn.urlopen(method, u.request_uri, **kw)
               ^^^^^^^^^^^^^^^^^^^^^^^^^^^^^^^^^^^^^^^^^
  File "/opt/hostedtoolcache/Python/3.12.12/x64/lib/python3.12/site-packages/urllib3/connectionpool.py", line 841, in urlopen
    retries = retries.increment(
              ^^^^^^^^^^^^^^^^^^
  File "/opt/hostedtoolcache/Python/3.12.12/x64/lib/python3.12/site-packages/urllib3/util/retry.py", line 474, in increment
    raise reraise(type(error), error, _stacktrace)
          ^^^^^^^^^^^^^^^^^^^^^^^^^^^^^^^^^^^^^^^^
  File "/opt/hostedtoolcache/Python/3.12.12/x64/lib/python3.12/site-packages/urllib3/util/util.py", line 39, in reraise
    raise value
  File "/opt/hostedtoolcache/Python/3.12.12/x64/lib/python3.12/site-packages/urllib3/connectionpool.py", line 787, in urlopen
    response = self._make_request(
               ^^^^^^^^^^^^^^^^^^^
  File "/opt/hostedtoolcache/Python/3.12.12/x64/lib/python3.12/site-packages/urllib3/connectionpool.py", line 536, in _make_request
    self._raise_timeout(err=e, url=url, timeout_value=read_timeout)
  File "/opt/hostedtoolcache/Python/3.12.12/x64/lib/python3.12/site-packages/urllib3/connectionpool.py", line 367, in _raise_timeout
    raise ReadTimeoutError(
urllib3.exceptions.ReadTimeoutError: HTTPConnectionPool(host='localhost', port=36779): Read timed out. (read timeout=120)
2025-12-08 04:44:32 [scrapy.extensions.logstats] INFO: Crawled 8 pages (at 0 pages/min), scraped 0 items (at 0 items/min)
2025-12-08 04:44:33 [scrapy.spidermiddlewares.httperror] INFO: Ignoring response <403 https://5ifnhsx.69ztn.icu/mian.html>: HTTP status code is not handled or not allowed
2025-12-08 04:44:33 [scrapy.core.engine] INFO: Closing spider (finished)
2025-12-08 04:44:41 [scrapy.statscollectors] INFO: Dumping Scrapy stats:
{'downloader/exception_count': 1,
 'downloader/exception_type_count/twisted.internet.error.DNSLookupError': 1,
 'downloader/request_bytes': 6400,
 'downloader/request_count': 17,
 'downloader/request_method_count/GET': 17,
 'downloader/response_bytes': 329105,
 'downloader/response_count': 16,
 'downloader/response_status_count/200': 8,
 'downloader/response_status_count/302': 7,
 'downloader/response_status_count/403': 1,
 'elapsed_time_seconds': 611.225772,
 'finish_reason': 'finished',
 'finish_time': datetime.datetime(2025, 12, 8, 4, 44, 41, 121038, tzinfo=datetime.timezone.utc),
 'httpcompression/response_bytes': 1681438,
 'httpcompression/response_count': 9,
 'httperror/response_ignored_count': 1,
 'httperror/response_ignored_status_count/403': 1,
 'items_per_minute': 0.0,
 'log_count/ERROR': 5,
 'log_count/INFO': 26,
 'log_count/WARNING': 3,
 'memusage/max': 193204224,
 'memusage/startup': 181346304,
 'request_depth_max': 2,
 'response_received_count': 9,
 'responses_per_minute': 0.8837970540098199,
 'retry/count': 1,
 'retry/reason_count/twisted.internet.error.DNSLookupError': 1,
 'scheduler/dequeued': 17,
 'scheduler/dequeued/memory': 17,
 'scheduler/enqueued': 17,
 'scheduler/enqueued/memory': 17,
 'spider_exceptions/ReadTimeoutError': 5,
 'spider_exceptions/count': 5,
 'start_time': datetime.datetime(2025, 12, 8, 4, 34, 29, 895266, tzinfo=datetime.timezone.utc)}
2025-12-08 04:44:41 [scrapy.core.engine] INFO: Spider closed (finished)
